"D:/LichKiller/Proyectos/Juegos/GameJam2020/Content/AdvancedVillagePack/Animations/Butterfly_Anim_Var01_Skeleton.uasset" 0
"D:/LichKiller/Proyectos/Juegos/GameJam2020/Content/AdvancedVillagePack/Animations/Butterfly_Anim_Var02.uasset" 1
"D:/LichKiller/Proyectos/Juegos/GameJam2020/Content/AdvancedVillagePack/Animations/Butterfly_Anim_Var03.uasset" 2
"D:/LichKiller/Proyectos/Juegos/GameJam2020/Content/AdvancedVillagePack/Animations/Butterfly_Anim_Var04.uasset" 3
"D:/LichKiller/Proyectos/Juegos/GameJam2020/Content/AdvancedVillagePack/Animations/Butterfly_Anim_Var05.uasset" 4
"D:/LichKiller/Proyectos/Juegos/GameJam2020/Content/AdvancedVillagePack/Maps/AdvancedVillagePack_DemoScene_sharedassets/Layer01_LayerInfo.uasset" 5
"D:/LichKiller/Proyectos/Juegos/GameJam2020/Content/AdvancedVillagePack/Maps/TopDownVillage_DemoScene_sharedassets/Layer01_LayerInfo.uasset" 6
"D:/LichKiller/Proyectos/Juegos/GameJam2020/Content/AdvancedVillagePack/Maps/AdvancedVillagePack_DemoScene_sharedassets/Layer02_LayerInfo.uasset" 7
"D:/LichKiller/Proyectos/Juegos/GameJam2020/Content/AdvancedVillagePack/Maps/TopDownVillage_DemoScene_sharedassets/Layer02_LayerInfo.uasset" 8
"D:/LichKiller/Proyectos/Juegos/GameJam2020/Content/AdvancedVillagePack/Maps/AdvancedVillagePack_DemoScene_sharedassets/Layer03_LayerInfo.uasset" 9
"D:/LichKiller/Proyectos/Juegos/GameJam2020/Content/AdvancedVillagePack/Maps/TopDownVillage_DemoScene_sharedassets/Layer03_LayerInfo.uasset" 10
"D:/LichKiller/Proyectos/Juegos/GameJam2020/Content/AdvancedVillagePack/Textures/Landscape/T_Foliage_Var01_D.uasset" 11
"D:/LichKiller/Proyectos/Juegos/GameJam2020/Content/AdvancedVillagePack/Textures/Landscape/T_Foliage_Var01_O.uasset" 12
"D:/LichKiller/Proyectos/Juegos/GameJam2020/Content/AdvancedVillagePack/Textures/T_Pack_TreeLeafs_N.uasset" 13
"D:/LichKiller/Proyectos/Juegos/GameJam2020/Content/AdvancedVillagePack/Materials/M_Simple_Cutout_Wind.uasset" 14
"D:/LichKiller/Proyectos/Juegos/GameJam2020/Content/AdvancedVillagePack/Textures/Landscape/T_Foliage_Var03_D.uasset" 15
"D:/LichKiller/Proyectos/Juegos/GameJam2020/Content/AdvancedVillagePack/Textures/Landscape/T_Foliage_Var03_O.uasset" 16
"D:/LichKiller/Proyectos/Juegos/GameJam2020/Content/AdvancedVillagePack/Materials/M_Inst_Landscape_Foliage_Var03.uasset" 17
"D:/LichKiller/Proyectos/Juegos/GameJam2020/Content/AdvancedVillagePack/Meshes/SM_GrassPatch_Var03.uasset" 18
"D:/LichKiller/Proyectos/Juegos/GameJam2020/Content/Geometry/Meshes/CubeMaterial.uasset" 19
"D:/LichKiller/Proyectos/Juegos/GameJam2020/Content/Geometry/Meshes/1M_Cube.uasset" 20
"D:/LichKiller/Proyectos/Juegos/GameJam2020/Content/Geometry/Meshes/1M_Cube_Chamfer.uasset" 21
"D:/LichKiller/Proyectos/Juegos/GameJam2020/Content/Geometry/Meshes/TemplateFloor.uasset" 22
"D:/LichKiller/Proyectos/Juegos/GameJam2020/Content/Mannequin/Character/Mesh/UE4_Mannequin_Skeleton.uasset" 23
"D:/LichKiller/Proyectos/Juegos/GameJam2020/Content/Mannequin/Animations/ThirdPersonJump_End.uasset" 24
"D:/LichKiller/Proyectos/Juegos/GameJam2020/Content/Mannequin/Animations/ThirdPerson_Jump.uasset" 25
"D:/LichKiller/Proyectos/Juegos/GameJam2020/Content/Mannequin/Animations/ThirdPersonJump_Loop.uasset" 26
"D:/LichKiller/Proyectos/Juegos/GameJam2020/Content/Mannequin/Animations/ThirdPersonJump_Start.uasset" 27
"D:/LichKiller/Proyectos/Juegos/GameJam2020/Content/Mannequin/Animations/ThirdPersonIdle.uasset" 28
"D:/LichKiller/Proyectos/Juegos/GameJam2020/Content/Mannequin/Animations/ThirdPersonRun.uasset" 29
"D:/LichKiller/Proyectos/Juegos/GameJam2020/Content/Mannequin/Animations/ThirdPersonWalk.uasset" 30
"D:/LichKiller/Proyectos/Juegos/GameJam2020/Content/Mannequin/Animations/ThirdPerson_IdleRun_2D.uasset" 31
"../../../Engine/Content/EditorBlueprintResources/StandardMacros.uasset" 32
"D:/LichKiller/Proyectos/Juegos/GameJam2020/Content/Mannequin/Animations/ThirdPerson_AnimBP.uasset" 33
"../../../Engine/Content/Functions/Engine_MaterialFunctions02/Utility/BlendAngleCorrectedNormals.uasset" 34
"../../../Engine/Content/Functions/MaterialLayerFunctions/MatLayerBlend_NormalBlend.uasset" 35
"../../../Engine/Content/Functions/MaterialLayerFunctions/MatLayerBlend_Simple.uasset" 36
"D:/LichKiller/Proyectos/Juegos/GameJam2020/Content/Mannequin/Character/Materials/MaterialLayers/T_ML_Rubber_Blue_01_D.uasset" 37
"D:/LichKiller/Proyectos/Juegos/GameJam2020/Content/Mannequin/Character/Materials/MaterialLayers/T_ML_Rubber_Blue_01_N.uasset" 38
"D:/LichKiller/Proyectos/Juegos/GameJam2020/Content/Mannequin/Character/Materials/MaterialLayers/ML_GlossyBlack_Latex_UE4.uasset" 39
"D:/LichKiller/Proyectos/Juegos/GameJam2020/Content/Mannequin/Character/Materials/MaterialLayers/ML_Plastic_Shiny_Beige.uasset" 40
"D:/LichKiller/Proyectos/Juegos/GameJam2020/Content/Mannequin/Character/Textures/UE4_LOGO_CARD.uasset" 41
"D:/LichKiller/Proyectos/Juegos/GameJam2020/Content/Mannequin/Character/Materials/MaterialLayers/ML_Plastic_Shiny_Beige_LOGO.uasset" 42
"D:/LichKiller/Proyectos/Juegos/GameJam2020/Content/Mannequin/Character/Materials/MaterialLayers/T_ML_Aluminum01.uasset" 43
"D:/LichKiller/Proyectos/Juegos/GameJam2020/Content/Mannequin/Character/Materials/MaterialLayers/T_ML_Aluminum01_N.uasset" 44
"D:/LichKiller/Proyectos/Juegos/GameJam2020/Content/Mannequin/Character/Materials/MaterialLayers/ML_SoftMetal_UE4.uasset" 45
"D:/LichKiller/Proyectos/Juegos/GameJam2020/Content/Mannequin/Character/Textures/UE4_Mannequin__normals.uasset" 46
"D:/LichKiller/Proyectos/Juegos/GameJam2020/Content/Mannequin/Character/Textures/UE4_Mannequin_MAT_MASKA.uasset" 47
"D:/LichKiller/Proyectos/Juegos/GameJam2020/Content/Mannequin/Character/Materials/M_UE4Man_Body.uasset" 48
"D:/LichKiller/Proyectos/Juegos/GameJam2020/Content/Mannequin/Character/Textures/UE4Man_Logo_N.uasset" 49
"D:/LichKiller/Proyectos/Juegos/GameJam2020/Content/Mannequin/Character/Materials/M_UE4Man_ChestLogo.uasset" 50
"D:/LichKiller/Proyectos/Juegos/GameJam2020/Content/Mannequin/Character/Mesh/SK_Mannequin_PhysicsAsset.uasset" 51
"D:/LichKiller/Proyectos/Juegos/GameJam2020/Content/Mannequin/Character/Mesh/SK_Mannequin.uasset" 52
"D:/LichKiller/Proyectos/Juegos/GameJam2020/Content/ThirdPersonBP/Blueprints/Player.uasset" 53
"../../../Engine/Content/BasicShapes/BasicShapeMaterial.uasset" 54
"../../../Engine/Content/Functions/Engine_MaterialFunctions01/Opacity/CameraDepthFade.uasset" 55
"../../../Engine/Content/EngineMaterials/T_Default_Material_Grid_M.uasset" 56
"../../../Engine/Content/EngineMaterials/T_Default_Material_Grid_N.uasset" 57
"../../../Engine/Content/EngineMaterials/DefaultMaterial.uasset" 58
"../../../Engine/Content/BasicShapes/Cone.uasset" 59
"D:/LichKiller/Proyectos/Juegos/GameJam2020/Content/Interface/Iteraction.uasset" 60
"D:/LichKiller/Proyectos/Juegos/GameJam2020/Content/Monument/Monument_0.uasset" 61
"D:/LichKiller/Proyectos/Juegos/GameJam2020/Content/Monument/NewBlueprint.uasset" 62
"D:/LichKiller/Proyectos/Juegos/GameJam2020/Content/StarterContent/Materials/M_Basic_Floor.uasset" 63
"D:/LichKiller/Proyectos/Juegos/GameJam2020/Content/StarterContent/Architecture/Floor_400x400.uasset" 64
"D:/LichKiller/Proyectos/Juegos/GameJam2020/Content/StarterContent/Materials/M_Basic_Wall.uasset" 65
"D:/LichKiller/Proyectos/Juegos/GameJam2020/Content/StarterContent/Architecture/Pillar_50x500.uasset" 66
"D:/LichKiller/Proyectos/Juegos/GameJam2020/Content/StarterContent/Materials/M_AssetPlatform.uasset" 67
"D:/LichKiller/Proyectos/Juegos/GameJam2020/Content/StarterContent/Architecture/SM_AssetPlatform.uasset" 68
"D:/LichKiller/Proyectos/Juegos/GameJam2020/Content/StarterContent/Architecture/Wall_400x200.uasset" 69
"D:/LichKiller/Proyectos/Juegos/GameJam2020/Content/StarterContent/Architecture/Wall_400x300.uasset" 70
"D:/LichKiller/Proyectos/Juegos/GameJam2020/Content/StarterContent/Architecture/Wall_400x400.uasset" 71
"D:/LichKiller/Proyectos/Juegos/GameJam2020/Content/StarterContent/Architecture/Wall_500x500.uasset" 72
"D:/LichKiller/Proyectos/Juegos/GameJam2020/Content/StarterContent/Architecture/Wall_Door_400x300.uasset" 73
"D:/LichKiller/Proyectos/Juegos/GameJam2020/Content/StarterContent/Architecture/Wall_Door_400x400.uasset" 74
"D:/LichKiller/Proyectos/Juegos/GameJam2020/Content/StarterContent/Architecture/Wall_Window_400x300.uasset" 75
"D:/LichKiller/Proyectos/Juegos/GameJam2020/Content/StarterContent/Architecture/Wall_Window_400x400.uasset" 76
"D:/LichKiller/Proyectos/Juegos/GameJam2020/Content/StarterContent/Audio/Collapse01.uasset" 77
"D:/LichKiller/Proyectos/Juegos/GameJam2020/Content/StarterContent/Audio/Collapse02.uasset" 78
"D:/LichKiller/Proyectos/Juegos/GameJam2020/Content/StarterContent/Audio/Collapse_Cue.uasset" 79
"D:/LichKiller/Proyectos/Juegos/GameJam2020/Content/StarterContent/Audio/Explosion01.uasset" 80
"D:/LichKiller/Proyectos/Juegos/GameJam2020/Content/StarterContent/Audio/Explosion02.uasset" 81
"D:/LichKiller/Proyectos/Juegos/GameJam2020/Content/StarterContent/Audio/Fire01.uasset" 82
"D:/LichKiller/Proyectos/Juegos/GameJam2020/Content/StarterContent/Audio/Fire_Sparks01.uasset" 83
"D:/LichKiller/Proyectos/Juegos/GameJam2020/Content/StarterContent/Audio/Light01.uasset" 84
"D:/LichKiller/Proyectos/Juegos/GameJam2020/Content/StarterContent/Audio/Light01_Cue.uasset" 85
"D:/LichKiller/Proyectos/Juegos/GameJam2020/Content/StarterContent/Audio/Light02.uasset" 86
"D:/LichKiller/Proyectos/Juegos/GameJam2020/Content/StarterContent/Audio/Light02_Cue.uasset" 87
"D:/LichKiller/Proyectos/Juegos/GameJam2020/Content/StarterContent/Audio/Smoke01.uasset" 88
"D:/LichKiller/Proyectos/Juegos/GameJam2020/Content/StarterContent/Audio/Starter_Background_Cue.uasset" 89
"D:/LichKiller/Proyectos/Juegos/GameJam2020/Content/StarterContent/Audio/Starter_Birds01.uasset" 90
"D:/LichKiller/Proyectos/Juegos/GameJam2020/Content/StarterContent/Audio/Starter_Music01.uasset" 91
"D:/LichKiller/Proyectos/Juegos/GameJam2020/Content/StarterContent/Audio/Starter_Music_Cue.uasset" 92
"D:/LichKiller/Proyectos/Juegos/GameJam2020/Content/StarterContent/Audio/Starter_Wind05.uasset" 93
"D:/LichKiller/Proyectos/Juegos/GameJam2020/Content/StarterContent/Audio/Starter_Wind06.uasset" 94
"D:/LichKiller/Proyectos/Juegos/GameJam2020/Content/StarterContent/Audio/Steam01.uasset" 95
"D:/LichKiller/Proyectos/Juegos/GameJam2020/Content/StarterContent/Textures/T_Lamp_M.uasset" 96
"D:/LichKiller/Proyectos/Juegos/GameJam2020/Content/StarterContent/Textures/T_Lamp_N.uasset" 97
"D:/LichKiller/Proyectos/Juegos/GameJam2020/Content/StarterContent/Props/Materials/M_Lamp.uasset" 98
"D:/LichKiller/Proyectos/Juegos/GameJam2020/Content/StarterContent/Props/SM_Lamp_Ceiling.uasset" 99
"D:/LichKiller/Proyectos/Juegos/GameJam2020/Content/StarterContent/Blueprints/Blueprint_CeilingLight.uasset" 100
"D:/LichKiller/Proyectos/Juegos/GameJam2020/Content/StarterContent/Audio/Explosion_Cue.uasset" 101
"D:/LichKiller/Proyectos/Juegos/GameJam2020/Content/StarterContent/Textures/T_Burst_M.uasset" 102
"D:/LichKiller/Proyectos/Juegos/GameJam2020/Content/StarterContent/Particles/Materials/M_Burst.uasset" 103
"D:/LichKiller/Proyectos/Juegos/GameJam2020/Content/StarterContent/Textures/T_Explosion_SubUV.uasset" 104
"D:/LichKiller/Proyectos/Juegos/GameJam2020/Content/StarterContent/Particles/Materials/M_explosion_subUV.uasset" 105
"D:/LichKiller/Proyectos/Juegos/GameJam2020/Content/StarterContent/Particles/Materials/m_flare_01.uasset" 106
"../../../Engine/Content/Functions/Engine_MaterialFunctions01/Gradient/RadialGradient.uasset" 107
"D:/LichKiller/Proyectos/Juegos/GameJam2020/Content/StarterContent/Particles/Materials/M_radial_ramp.uasset" 108
"D:/LichKiller/Proyectos/Juegos/GameJam2020/Content/StarterContent/Textures/T_Smoke_SubUV.uasset" 109
"D:/LichKiller/Proyectos/Juegos/GameJam2020/Content/StarterContent/Textures/T_Smoke_Tiled_D.uasset" 110
"D:/LichKiller/Proyectos/Juegos/GameJam2020/Content/StarterContent/Particles/Materials/M_smoke_subUV.uasset" 111
"D:/LichKiller/Proyectos/Juegos/GameJam2020/Content/StarterContent/Particles/P_Explosion.uasset" 112
"D:/LichKiller/Proyectos/Juegos/GameJam2020/Content/StarterContent/Blueprints/Blueprint_Effect_Explosion.uasset" 113
"D:/LichKiller/Proyectos/Juegos/GameJam2020/Content/StarterContent/Audio/Fire01_Cue.uasset" 114
"D:/LichKiller/Proyectos/Juegos/GameJam2020/Content/StarterContent/Textures/T_Fire_SubUV.uasset" 115
"D:/LichKiller/Proyectos/Juegos/GameJam2020/Content/StarterContent/Textures/T_Fire_Tiled_D.uasset" 116
"D:/LichKiller/Proyectos/Juegos/GameJam2020/Content/StarterContent/Particles/Materials/M_Fire_SubUV.uasset" 117
"D:/LichKiller/Proyectos/Juegos/GameJam2020/Content/StarterContent/Textures/T_Water_N.uasset" 118
"D:/LichKiller/Proyectos/Juegos/GameJam2020/Content/StarterContent/Particles/Materials/M_Heat_Distortion.uasset" 119
"D:/LichKiller/Proyectos/Juegos/GameJam2020/Content/StarterContent/Particles/Materials/M_Radial_Gradient.uasset" 120
"D:/LichKiller/Proyectos/Juegos/GameJam2020/Content/StarterContent/Particles/P_Fire.uasset" 121
"D:/LichKiller/Proyectos/Juegos/GameJam2020/Content/StarterContent/Blueprints/Blueprint_Effect_Fire.uasset" 122
"D:/LichKiller/Proyectos/Juegos/GameJam2020/Content/StarterContent/Audio/Smoke01_Cue.uasset" 123
"D:/LichKiller/Proyectos/Juegos/GameJam2020/Content/StarterContent/Particles/P_Smoke.uasset" 124
"D:/LichKiller/Proyectos/Juegos/GameJam2020/Content/StarterContent/Blueprints/Blueprint_Effect_Smoke.uasset" 125
"D:/LichKiller/Proyectos/Juegos/GameJam2020/Content/StarterContent/Audio/Fire_Sparks01_Cue.uasset" 126
"D:/LichKiller/Proyectos/Juegos/GameJam2020/Content/StarterContent/Textures/T_Spark_Core.uasset" 127
"D:/LichKiller/Proyectos/Juegos/GameJam2020/Content/StarterContent/Particles/Materials/M_Spark.uasset" 128
"D:/LichKiller/Proyectos/Juegos/GameJam2020/Content/StarterContent/Particles/P_Sparks.uasset" 129
"D:/LichKiller/Proyectos/Juegos/GameJam2020/Content/StarterContent/Blueprints/Blueprint_Effect_Sparks.uasset" 130
"D:/LichKiller/Proyectos/Juegos/GameJam2020/Content/StarterContent/Audio/Steam01_Cue.uasset" 131
"D:/LichKiller/Proyectos/Juegos/GameJam2020/Content/StarterContent/Particles/P_Steam_Lit.uasset" 132
"D:/LichKiller/Proyectos/Juegos/GameJam2020/Content/StarterContent/Blueprints/Blueprint_Effect_Steam.uasset" 133
"D:/LichKiller/Proyectos/Juegos/GameJam2020/Content/StarterContent/Props/SM_Lamp_Wall.uasset" 134
"D:/LichKiller/Proyectos/Juegos/GameJam2020/Content/StarterContent/Blueprints/Blueprint_WallSconce.uasset" 135
"D:/LichKiller/Proyectos/Juegos/GameJam2020/Content/StarterContent/Blueprints/Assets/FogBrightnessLUT.uasset" 136
"D:/LichKiller/Proyectos/Juegos/GameJam2020/Content/StarterContent/Blueprints/Assets/SunlightColorLUT.uasset" 137
"D:/LichKiller/Proyectos/Juegos/GameJam2020/Content/StarterContent/Blueprints/Assets/M_LightStage_Arrows.uasset" 138
"../../../Engine/Content/MapTemplates/Sky/DaylightAmbientCubemap.uasset" 139
"D:/LichKiller/Proyectos/Juegos/GameJam2020/Content/StarterContent/Blueprints/Assets/M_LightStage_Skybox_Master.uasset" 140
"D:/LichKiller/Proyectos/Juegos/GameJam2020/Content/StarterContent/Blueprints/Assets/M_LightStage_Skybox_Black.uasset" 141
"D:/LichKiller/Proyectos/Juegos/GameJam2020/Content/StarterContent/Blueprints/Assets/M_LightStage_Skybox_HDRI.uasset" 142
"../../../Engine/Content/EditorMaterials/Thumbnails/SkySphereMaterial.uasset" 143
"D:/LichKiller/Proyectos/Juegos/GameJam2020/Content/StarterContent/Blueprints/Assets/Skybox.uasset" 144
"../../../Engine/Content/EngineMaterials/WorldGridMaterial.uasset" 145
"D:/LichKiller/Proyectos/Juegos/GameJam2020/Content/StarterContent/Blueprints/Assets/SM_Arrows.uasset" 146
"D:/LichKiller/Proyectos/Juegos/GameJam2020/Content/StarterContent/HDRI/HDRI_Epic_Courtyard_Daylight.uasset" 147
"D:/LichKiller/Proyectos/Juegos/GameJam2020/Content/StarterContent/Blueprints/BP_LightStudio.uasset" 148
"D:/LichKiller/Proyectos/Juegos/GameJam2020/Content/StarterContent/Textures/T_Brick_Clay_Beveled_D.uasset" 149
"D:/LichKiller/Proyectos/Juegos/GameJam2020/Content/StarterContent/Textures/T_Brick_Clay_Beveled_M.uasset" 150
"D:/LichKiller/Proyectos/Juegos/GameJam2020/Content/StarterContent/Textures/T_Brick_Clay_Beveled_N.uasset" 151
"D:/LichKiller/Proyectos/Juegos/GameJam2020/Content/StarterContent/Textures/T_MacroVariation.uasset" 152
"D:/LichKiller/Proyectos/Juegos/GameJam2020/Content/StarterContent/Materials/M_Brick_Clay_Beveled.uasset" 153
"D:/LichKiller/Proyectos/Juegos/GameJam2020/Content/StarterContent/Textures/T_Brick_Clay_New_D.uasset" 154
"D:/LichKiller/Proyectos/Juegos/GameJam2020/Content/StarterContent/Textures/T_Brick_Clay_New_M.uasset" 155
"D:/LichKiller/Proyectos/Juegos/GameJam2020/Content/StarterContent/Textures/T_Brick_Clay_New_N.uasset" 156
"D:/LichKiller/Proyectos/Juegos/GameJam2020/Content/StarterContent/Textures/T_Detail_Rocky_N.uasset" 157
"D:/LichKiller/Proyectos/Juegos/GameJam2020/Content/StarterContent/Materials/M_Brick_Clay_New.uasset" 158
"D:/LichKiller/Proyectos/Juegos/GameJam2020/Content/StarterContent/Textures/T_Brick_Clay_Old_D.uasset" 159
"D:/LichKiller/Proyectos/Juegos/GameJam2020/Content/StarterContent/Textures/T_Brick_Clay_Old_N.uasset" 160
"D:/LichKiller/Proyectos/Juegos/GameJam2020/Content/StarterContent/Textures/T_Perlin_Noise_M.uasset" 161
"D:/LichKiller/Proyectos/Juegos/GameJam2020/Content/StarterContent/Materials/M_Brick_Clay_Old.uasset" 162
"D:/LichKiller/Proyectos/Juegos/GameJam2020/Content/StarterContent/Textures/T_Brick_Cut_Stone_D.uasset" 163
"D:/LichKiller/Proyectos/Juegos/GameJam2020/Content/StarterContent/Textures/T_Brick_Cut_Stone_N.uasset" 164
"D:/LichKiller/Proyectos/Juegos/GameJam2020/Content/StarterContent/Materials/M_Brick_Cut_Stone.uasset" 165
"D:/LichKiller/Proyectos/Juegos/GameJam2020/Content/StarterContent/Textures/T_Brick_Hewn_Stone_D.uasset" 166
"D:/LichKiller/Proyectos/Juegos/GameJam2020/Content/StarterContent/Textures/T_Brick_Hewn_Stone_M.uasset" 167
"D:/LichKiller/Proyectos/Juegos/GameJam2020/Content/StarterContent/Textures/T_Brick_Hewn_Stone_N.uasset" 168
"D:/LichKiller/Proyectos/Juegos/GameJam2020/Content/StarterContent/Materials/M_Brick_Hewn_Stone.uasset" 169
"D:/LichKiller/Proyectos/Juegos/GameJam2020/Content/StarterContent/Textures/T_Ceramic_Tile_M.uasset" 170
"D:/LichKiller/Proyectos/Juegos/GameJam2020/Content/StarterContent/Textures/T_Ceramic_Tile_N.uasset" 171
"D:/LichKiller/Proyectos/Juegos/GameJam2020/Content/StarterContent/Textures/T_Rock_Marble_Polished_D.uasset" 172
"D:/LichKiller/Proyectos/Juegos/GameJam2020/Content/StarterContent/Materials/M_Ceramic_Tile_Checker.uasset" 173
"D:/LichKiller/Proyectos/Juegos/GameJam2020/Content/StarterContent/Textures/T_CobbleStone_Pebble_D.uasset" 174
"D:/LichKiller/Proyectos/Juegos/GameJam2020/Content/StarterContent/Textures/T_CobbleStone_Pebble_M.uasset" 175
"D:/LichKiller/Proyectos/Juegos/GameJam2020/Content/StarterContent/Textures/T_CobbleStone_Pebble_N.uasset" 176
"D:/LichKiller/Proyectos/Juegos/GameJam2020/Content/StarterContent/Materials/M_CobbleStone_Pebble.uasset" 177
"D:/LichKiller/Proyectos/Juegos/GameJam2020/Content/StarterContent/Textures/T_CobbleStone_Rough_D.uasset" 178
"D:/LichKiller/Proyectos/Juegos/GameJam2020/Content/StarterContent/Textures/T_CobbleStone_Rough_N.uasset" 179
"D:/LichKiller/Proyectos/Juegos/GameJam2020/Content/StarterContent/Textures/T_Gradinet_01.uasset" 180
"D:/LichKiller/Proyectos/Juegos/GameJam2020/Content/StarterContent/Textures/T_Rock_Smooth_Granite_D.uasset" 181
"D:/LichKiller/Proyectos/Juegos/GameJam2020/Content/StarterContent/Materials/M_CobbleStone_Rough.uasset" 182
"D:/LichKiller/Proyectos/Juegos/GameJam2020/Content/StarterContent/Textures/T_CobbleStone_Smooth_D.uasset" 183
"D:/LichKiller/Proyectos/Juegos/GameJam2020/Content/StarterContent/Textures/T_CobbleStone_Smooth_M.uasset" 184
"D:/LichKiller/Proyectos/Juegos/GameJam2020/Content/StarterContent/Textures/T_CobbleStone_Smooth_N.uasset" 185
"D:/LichKiller/Proyectos/Juegos/GameJam2020/Content/StarterContent/Materials/M_CobbleStone_Smooth.uasset" 186
"../../../Engine/Content/EditorMeshes/ColorCalibrator/T_ColorGrid.uasset" 187
"D:/LichKiller/Proyectos/Juegos/GameJam2020/Content/StarterContent/Materials/M_ColorGrid_LowSpec.uasset" 188
"D:/LichKiller/Proyectos/Juegos/GameJam2020/Content/StarterContent/Textures/T_Concrete_Grime_D.uasset" 189
"D:/LichKiller/Proyectos/Juegos/GameJam2020/Content/StarterContent/Textures/T_Metal_Rust_N.uasset" 190
"D:/LichKiller/Proyectos/Juegos/GameJam2020/Content/StarterContent/Materials/M_Concrete_Grime.uasset" 191
"D:/LichKiller/Proyectos/Juegos/GameJam2020/Content/StarterContent/Textures/T_Concrete_Panels_D.uasset" 192
"D:/LichKiller/Proyectos/Juegos/GameJam2020/Content/StarterContent/Textures/T_Concrete_Panels_N.uasset" 193
"D:/LichKiller/Proyectos/Juegos/GameJam2020/Content/StarterContent/Materials/M_Concrete_Panels.uasset" 194
"D:/LichKiller/Proyectos/Juegos/GameJam2020/Content/StarterContent/Textures/T_Concrete_Poured_D.uasset" 195
"D:/LichKiller/Proyectos/Juegos/GameJam2020/Content/StarterContent/Textures/T_Concrete_Poured_N.uasset" 196
"D:/LichKiller/Proyectos/Juegos/GameJam2020/Content/StarterContent/Materials/M_Concrete_Poured.uasset" 197
"D:/LichKiller/Proyectos/Juegos/GameJam2020/Content/StarterContent/Textures/T_Concrete_Tiles_D.uasset" 198
"D:/LichKiller/Proyectos/Juegos/GameJam2020/Content/StarterContent/Textures/T_Concrete_Tiles_M.uasset" 199
"D:/LichKiller/Proyectos/Juegos/GameJam2020/Content/StarterContent/Textures/T_Concrete_Tiles_N.uasset" 200
"D:/LichKiller/Proyectos/Juegos/GameJam2020/Content/StarterContent/Textures/T_Concrete_Tiles_Variation_M.uasset" 201
"D:/LichKiller/Proyectos/Juegos/GameJam2020/Content/StarterContent/Materials/M_Concrete_Tiles.uasset" 202
"D:/LichKiller/Proyectos/Juegos/GameJam2020/Content/StarterContent/Textures/T_Ground_Grass_D.uasset" 203
"D:/LichKiller/Proyectos/Juegos/GameJam2020/Content/StarterContent/Textures/T_Ground_Grass_N.uasset" 204
"D:/LichKiller/Proyectos/Juegos/GameJam2020/Content/StarterContent/Materials/M_Ground_Grass.uasset" 205
"D:/LichKiller/Proyectos/Juegos/GameJam2020/Content/StarterContent/Textures/T_Ground_Gravel_D.uasset" 206
"D:/LichKiller/Proyectos/Juegos/GameJam2020/Content/StarterContent/Textures/T_Ground_Gravel_N.uasset" 207
"D:/LichKiller/Proyectos/Juegos/GameJam2020/Content/StarterContent/Materials/M_Ground_Gravel.uasset" 208
"D:/LichKiller/Proyectos/Juegos/GameJam2020/Content/StarterContent/Textures/T_ground_Moss_D.uasset" 209
"D:/LichKiller/Proyectos/Juegos/GameJam2020/Content/StarterContent/Textures/T_Ground_Moss_N.uasset" 210
"D:/LichKiller/Proyectos/Juegos/GameJam2020/Content/StarterContent/Materials/M_Ground_Moss.uasset" 211
"D:/LichKiller/Proyectos/Juegos/GameJam2020/Content/StarterContent/Materials/M_Metal_Brushed_Nickel.uasset" 212
"D:/LichKiller/Proyectos/Juegos/GameJam2020/Content/StarterContent/Materials/M_Metal_Chrome.uasset" 213
"D:/LichKiller/Proyectos/Juegos/GameJam2020/Content/StarterContent/Textures/T_Metal_Copper_D.uasset" 214
"D:/LichKiller/Proyectos/Juegos/GameJam2020/Content/StarterContent/Textures/T_Metal_Gold_N.uasset" 215
"D:/LichKiller/Proyectos/Juegos/GameJam2020/Content/StarterContent/Materials/M_Metal_Copper.uasset" 216
"D:/LichKiller/Proyectos/Juegos/GameJam2020/Content/StarterContent/Textures/T_Metal_Rust_D.uasset" 217
"D:/LichKiller/Proyectos/Juegos/GameJam2020/Content/StarterContent/Materials/M_Metal_Rust.uasset" 218
"D:/LichKiller/Proyectos/Juegos/GameJam2020/Content/StarterContent/Textures/T_Metal_Steel_D.uasset" 219
"D:/LichKiller/Proyectos/Juegos/GameJam2020/Content/StarterContent/Textures/T_Metal_Steel_N.uasset" 220
"D:/LichKiller/Proyectos/Juegos/GameJam2020/Content/StarterContent/Materials/M_Metal_Steel.uasset" 221
"D:/LichKiller/Proyectos/Juegos/GameJam2020/Content/StarterContent/Textures/T_Rock_Basalt_D.uasset" 222
"D:/LichKiller/Proyectos/Juegos/GameJam2020/Content/StarterContent/Textures/T_Rock_Basalt_N.uasset" 223
"D:/LichKiller/Proyectos/Juegos/GameJam2020/Content/StarterContent/Materials/M_Rock_Basalt.uasset" 224
"D:/LichKiller/Proyectos/Juegos/GameJam2020/Content/StarterContent/Materials/M_Rock_Marble_Polished.uasset" 225
"D:/LichKiller/Proyectos/Juegos/GameJam2020/Content/StarterContent/Textures/T_Rock_Sandstone_D.uasset" 226
"D:/LichKiller/Proyectos/Juegos/GameJam2020/Content/StarterContent/Textures/T_Rock_Sandstone_N.uasset" 227
"D:/LichKiller/Proyectos/Juegos/GameJam2020/Content/StarterContent/Materials/M_Rock_Sandstone.uasset" 228
"D:/LichKiller/Proyectos/Juegos/GameJam2020/Content/StarterContent/Textures/T_Rock_Slate_D.uasset" 229
"D:/LichKiller/Proyectos/Juegos/GameJam2020/Content/StarterContent/Textures/T_Rock_Slate_N.uasset" 230
"D:/LichKiller/Proyectos/Juegos/GameJam2020/Content/StarterContent/Materials/M_Rock_Slate.uasset" 231
"D:/LichKiller/Proyectos/Juegos/GameJam2020/Content/StarterContent/Textures/T_Checker_Noise_M.uasset" 232
"D:/LichKiller/Proyectos/Juegos/GameJam2020/Content/StarterContent/Textures/T_Single_Tile_N.uasset" 233
"D:/LichKiller/Proyectos/Juegos/GameJam2020/Content/StarterContent/Textures/T_Tech_Dot_M.uasset" 234
"D:/LichKiller/Proyectos/Juegos/GameJam2020/Content/StarterContent/Textures/T_Tech_Dot_N.uasset" 235
"D:/LichKiller/Proyectos/Juegos/GameJam2020/Content/StarterContent/Materials/M_Tech_Checker_Dot.uasset" 236
"D:/LichKiller/Proyectos/Juegos/GameJam2020/Content/StarterContent/Textures/T_Tech_Hex_Tile_M.uasset" 237
"D:/LichKiller/Proyectos/Juegos/GameJam2020/Content/StarterContent/Textures/T_Tech_Hex_Tile_N.uasset" 238
"D:/LichKiller/Proyectos/Juegos/GameJam2020/Content/StarterContent/Materials/M_Tech_Hex_Tile.uasset" 239
"D:/LichKiller/Proyectos/Juegos/GameJam2020/Content/StarterContent/Materials/M_Tech_Hex_Tile_Pulse.uasset" 240
"D:/LichKiller/Proyectos/Juegos/GameJam2020/Content/StarterContent/Textures/T_Tech_Panel_M.uasset" 241
"D:/LichKiller/Proyectos/Juegos/GameJam2020/Content/StarterContent/Textures/T_Tech_Panel_N.uasset" 242
"D:/LichKiller/Proyectos/Juegos/GameJam2020/Content/StarterContent/Materials/M_Tech_Panel.uasset" 243
"D:/LichKiller/Proyectos/Juegos/GameJam2020/Content/StarterContent/Materials/M_Water_Lake.uasset" 244
"D:/LichKiller/Proyectos/Juegos/GameJam2020/Content/StarterContent/Textures/T_Water_M.uasset" 245
"D:/LichKiller/Proyectos/Juegos/GameJam2020/Content/StarterContent/Materials/M_Water_Ocean.uasset" 246
"D:/LichKiller/Proyectos/Juegos/GameJam2020/Content/StarterContent/Textures/T_Wood_Floor_Walnut_D.uasset" 247
"D:/LichKiller/Proyectos/Juegos/GameJam2020/Content/StarterContent/Textures/T_Wood_Floor_Walnut_M.uasset" 248
"D:/LichKiller/Proyectos/Juegos/GameJam2020/Content/StarterContent/Textures/T_Wood_Floor_Walnut_N.uasset" 249
"D:/LichKiller/Proyectos/Juegos/GameJam2020/Content/StarterContent/Materials/M_Wood_Floor_Walnut_Polished.uasset" 250
"../../../Engine/Content/Functions/Engine_MaterialFunctions01/Opacity/AlphaOffset.uasset" 251
"D:/LichKiller/Proyectos/Juegos/GameJam2020/Content/StarterContent/Materials/M_Wood_Floor_Walnut_Worn.uasset" 252
"D:/LichKiller/Proyectos/Juegos/GameJam2020/Content/StarterContent/Textures/T_Wood_Oak_D.uasset" 253
"D:/LichKiller/Proyectos/Juegos/GameJam2020/Content/StarterContent/Textures/T_Wood_Oak_N.uasset" 254
"D:/LichKiller/Proyectos/Juegos/GameJam2020/Content/StarterContent/Materials/M_Wood_Oak.uasset" 255
"D:/LichKiller/Proyectos/Juegos/GameJam2020/Content/StarterContent/Textures/T_Wood_Pine_D.uasset" 256
"D:/LichKiller/Proyectos/Juegos/GameJam2020/Content/StarterContent/Textures/T_Wood_Pine_N.uasset" 257
"D:/LichKiller/Proyectos/Juegos/GameJam2020/Content/StarterContent/Materials/M_Wood_Pine.uasset" 258
"D:/LichKiller/Proyectos/Juegos/GameJam2020/Content/StarterContent/Textures/T_Wood_Walnut_D.uasset" 259
"D:/LichKiller/Proyectos/Juegos/GameJam2020/Content/StarterContent/Textures/T_Wood_Walnut_N.uasset" 260
"D:/LichKiller/Proyectos/Juegos/GameJam2020/Content/StarterContent/Materials/M_Wood_Walnut.uasset" 261
"D:/LichKiller/Proyectos/Juegos/GameJam2020/Content/StarterContent/Textures/T_Dust_Particle_D.uasset" 262
"D:/LichKiller/Proyectos/Juegos/GameJam2020/Content/StarterContent/Particles/Materials/M_Dust_Particle.uasset" 263
"D:/LichKiller/Proyectos/Juegos/GameJam2020/Content/StarterContent/Particles/P_Ambient_Dust.uasset" 264
"D:/LichKiller/Proyectos/Juegos/GameJam2020/Content/StarterContent/Props/MaterialSphere.uasset" 265
"D:/LichKiller/Proyectos/Juegos/GameJam2020/Content/StarterContent/Textures/T_Bush_D.uasset" 266
"D:/LichKiller/Proyectos/Juegos/GameJam2020/Content/StarterContent/Textures/T_Bush_N.uasset" 267
"D:/LichKiller/Proyectos/Juegos/GameJam2020/Content/StarterContent/Props/Materials/M_Bush.uasset" 268
"D:/LichKiller/Proyectos/Juegos/GameJam2020/Content/StarterContent/Props/SM_Bush.uasset" 269
"D:/LichKiller/Proyectos/Juegos/GameJam2020/Content/StarterContent/Textures/T_Chair_M.uasset" 270
"D:/LichKiller/Proyectos/Juegos/GameJam2020/Content/StarterContent/Textures/T_Chair_N.uasset" 271
"D:/LichKiller/Proyectos/Juegos/GameJam2020/Content/StarterContent/Props/Materials/M_Chair.uasset" 272
"D:/LichKiller/Proyectos/Juegos/GameJam2020/Content/StarterContent/Props/SM_Chair.uasset" 273
"D:/LichKiller/Proyectos/Juegos/GameJam2020/Content/StarterContent/Textures/T_Frame_M.uasset" 274
"D:/LichKiller/Proyectos/Juegos/GameJam2020/Content/StarterContent/Textures/T_Frame_N.uasset" 275
"D:/LichKiller/Proyectos/Juegos/GameJam2020/Content/StarterContent/Props/Materials/M_Frame.uasset" 276
"D:/LichKiller/Proyectos/Juegos/GameJam2020/Content/StarterContent/Props/SM_CornerFrame.uasset" 277
"D:/LichKiller/Proyectos/Juegos/GameJam2020/Content/StarterContent/Props/SM_Couch.uasset" 278
"D:/LichKiller/Proyectos/Juegos/GameJam2020/Content/StarterContent/Materials/M_Glass.uasset" 279
"D:/LichKiller/Proyectos/Juegos/GameJam2020/Content/StarterContent/Textures/T_Door_M.uasset" 280
"D:/LichKiller/Proyectos/Juegos/GameJam2020/Content/StarterContent/Textures/T_Door_N.uasset" 281
"D:/LichKiller/Proyectos/Juegos/GameJam2020/Content/StarterContent/Props/Materials/M_Door.uasset" 282
"D:/LichKiller/Proyectos/Juegos/GameJam2020/Content/StarterContent/Props/SM_Door.uasset" 283
"D:/LichKiller/Proyectos/Juegos/GameJam2020/Content/StarterContent/Props/SM_DoorFrame.uasset" 284
"D:/LichKiller/Proyectos/Juegos/GameJam2020/Content/StarterContent/Props/SM_GlassWindow.uasset" 285
"D:/LichKiller/Proyectos/Juegos/GameJam2020/Content/StarterContent/Props/Materials/M_MaterialSphere.uasset" 286
"D:/LichKiller/Proyectos/Juegos/GameJam2020/Content/StarterContent/Props/Materials/M_MaterialSphere_Plain.uasset" 287
"D:/LichKiller/Proyectos/Juegos/GameJam2020/Content/StarterContent/Props/SM_MatPreviewMesh_02.uasset" 288
"D:/LichKiller/Proyectos/Juegos/GameJam2020/Content/StarterContent/Props/SM_PillarFrame.uasset" 289
"D:/LichKiller/Proyectos/Juegos/GameJam2020/Content/StarterContent/Props/SM_PillarFrame300.uasset" 290
"D:/LichKiller/Proyectos/Juegos/GameJam2020/Content/StarterContent/Textures/T_RockMesh_M.uasset" 291
"D:/LichKiller/Proyectos/Juegos/GameJam2020/Content/StarterContent/Textures/T_RockMesh_N.uasset" 292
"D:/LichKiller/Proyectos/Juegos/GameJam2020/Content/StarterContent/Props/Materials/M_Rock.uasset" 293
"D:/LichKiller/Proyectos/Juegos/GameJam2020/Content/StarterContent/Props/SM_Rock.uasset" 294
"D:/LichKiller/Proyectos/Juegos/GameJam2020/Content/StarterContent/Textures/T_Shelf_M.uasset" 295
"D:/LichKiller/Proyectos/Juegos/GameJam2020/Content/StarterContent/Textures/T_Shelf_N.uasset" 296
"D:/LichKiller/Proyectos/Juegos/GameJam2020/Content/StarterContent/Props/Materials/M_Shelf.uasset" 297
"D:/LichKiller/Proyectos/Juegos/GameJam2020/Content/StarterContent/Props/SM_Shelf.uasset" 298
"D:/LichKiller/Proyectos/Juegos/GameJam2020/Content/StarterContent/Props/SM_Stairs.uasset" 299
"D:/LichKiller/Proyectos/Juegos/GameJam2020/Content/StarterContent/Textures/T_Statue_M.uasset" 300
"D:/LichKiller/Proyectos/Juegos/GameJam2020/Content/StarterContent/Textures/T_Statue_N.uasset" 301
"D:/LichKiller/Proyectos/Juegos/GameJam2020/Content/StarterContent/Props/Materials/M_Statue.uasset" 302
"D:/LichKiller/Proyectos/Juegos/GameJam2020/Content/StarterContent/Props/Materials/M_StatueGlass.uasset" 303
"D:/LichKiller/Proyectos/Juegos/GameJam2020/Content/StarterContent/Props/SM_Statue.uasset" 304
"D:/LichKiller/Proyectos/Juegos/GameJam2020/Content/StarterContent/Textures/T_TableRound_M.uasset" 305
"D:/LichKiller/Proyectos/Juegos/GameJam2020/Content/StarterContent/Textures/T_TableRound_N.uasset" 306
"D:/LichKiller/Proyectos/Juegos/GameJam2020/Content/StarterContent/Props/Materials/M_TableRound.uasset" 307
"D:/LichKiller/Proyectos/Juegos/GameJam2020/Content/StarterContent/Props/SM_TableRound.uasset" 308
"D:/LichKiller/Proyectos/Juegos/GameJam2020/Content/StarterContent/Props/SM_WindowFrame.uasset" 309
"D:/LichKiller/Proyectos/Juegos/GameJam2020/Content/StarterContent/Shapes/Shape_Cone.uasset" 310
"D:/LichKiller/Proyectos/Juegos/GameJam2020/Content/StarterContent/Shapes/Shape_Cube.uasset" 311
"D:/LichKiller/Proyectos/Juegos/GameJam2020/Content/StarterContent/Shapes/Shape_Cylinder.uasset" 312
"D:/LichKiller/Proyectos/Juegos/GameJam2020/Content/StarterContent/Shapes/Shape_NarrowCapsule.uasset" 313
"D:/LichKiller/Proyectos/Juegos/GameJam2020/Content/StarterContent/Shapes/Shape_Pipe.uasset" 314
"D:/LichKiller/Proyectos/Juegos/GameJam2020/Content/StarterContent/Shapes/Shape_Pipe_180.uasset" 315
"D:/LichKiller/Proyectos/Juegos/GameJam2020/Content/StarterContent/Shapes/Shape_Pipe_90.uasset" 316
"D:/LichKiller/Proyectos/Juegos/GameJam2020/Content/StarterContent/Shapes/Shape_Plane.uasset" 317
"D:/LichKiller/Proyectos/Juegos/GameJam2020/Content/StarterContent/Shapes/Shape_QuadPyramid.uasset" 318
"D:/LichKiller/Proyectos/Juegos/GameJam2020/Content/StarterContent/Shapes/Shape_Sphere.uasset" 319
"D:/LichKiller/Proyectos/Juegos/GameJam2020/Content/StarterContent/Shapes/Shape_Torus.uasset" 320
"D:/LichKiller/Proyectos/Juegos/GameJam2020/Content/StarterContent/Shapes/Shape_Trim.uasset" 321
"D:/LichKiller/Proyectos/Juegos/GameJam2020/Content/StarterContent/Shapes/Shape_Trim_90_In.uasset" 322
"D:/LichKiller/Proyectos/Juegos/GameJam2020/Content/StarterContent/Shapes/Shape_Trim_90_Out.uasset" 323
"D:/LichKiller/Proyectos/Juegos/GameJam2020/Content/StarterContent/Shapes/Shape_TriPyramid.uasset" 324
"D:/LichKiller/Proyectos/Juegos/GameJam2020/Content/StarterContent/Shapes/Shape_Tube.uasset" 325
"D:/LichKiller/Proyectos/Juegos/GameJam2020/Content/StarterContent/Shapes/Shape_Wedge_A.uasset" 326
"D:/LichKiller/Proyectos/Juegos/GameJam2020/Content/StarterContent/Shapes/Shape_Wedge_B.uasset" 327
"D:/LichKiller/Proyectos/Juegos/GameJam2020/Content/StarterContent/Shapes/Shape_WideCapsule.uasset" 328
"D:/LichKiller/Proyectos/Juegos/GameJam2020/Content/ThirdPerson/Meshes/RampMaterial.uasset" 329
"D:/LichKiller/Proyectos/Juegos/GameJam2020/Content/ThirdPerson/Meshes/Bump_StaticMesh.uasset" 330
"D:/LichKiller/Proyectos/Juegos/GameJam2020/Content/ThirdPerson/Meshes/LeftArm_StaticMesh.uasset" 331
"D:/LichKiller/Proyectos/Juegos/GameJam2020/Content/ThirdPerson/Meshes/Linear_Stair_StaticMesh.uasset" 332
"D:/LichKiller/Proyectos/Juegos/GameJam2020/Content/ThirdPerson/Meshes/Ramp_StaticMesh.uasset" 333
"D:/LichKiller/Proyectos/Juegos/GameJam2020/Content/ThirdPerson/Meshes/RightArm_StaticMesh.uasset" 334
"D:/LichKiller/Proyectos/Juegos/GameJam2020/Content/ThirdPersonBP/ThirdPersonOverview.uasset" 335
"D:/LichKiller/Proyectos/Juegos/GameJam2020/Content/ThirdPersonBP/Blueprints/ThirdPersonCharacter.uasset" 336
"D:/LichKiller/Proyectos/Juegos/GameJam2020/Content/ThirdPersonBP/Blueprints/ThirdPersonGameMode.uasset" 337
"../../../Engine/Content/Animation/DefaultAnimCurveCompressionSettings.uasset" 338
"../../../Engine/Content/ArtTools/RenderToTexture/Meshes/S_1_Unit_Plane.uasset" 339
"../../../Engine/Content/BasicShapes/Cylinder.uasset" 340
"../../../Engine/Content/EditorLandscapeResources/DataLayer.uasset" 341
"../../../Engine/Content/EditorMaterials/MAT_Groups_Toggle.uasset" 342
"../../../Engine/Content/EditorMaterials/MAT_Groups_Visibility.uasset" 343
"../../../Engine/Content/EditorMaterials/PreviewShadowIndicator.uasset" 344
"../../../Engine/Content/EditorMaterials/PreviewShadowIndicatorMaterial.uasset" 345
"../../../Engine/Content/EditorMaterials/MatineeGroups/MAT_ColorTrack.uasset" 346
"../../../Engine/Content/EditorMaterials/MatineeGroups/MAT_Groups_Anim.uasset" 347
"../../../Engine/Content/EditorMaterials/MatineeGroups/MAT_Groups_AudioMaster.uasset" 348
"../../../Engine/Content/EditorMaterials/MatineeGroups/MAT_Groups_Director.uasset" 349
"../../../Engine/Content/EditorMaterials/MatineeGroups/MAT_Groups_Event.uasset" 350
"../../../Engine/Content/EditorMaterials/MatineeGroups/MAT_Groups_Fade.uasset" 351
"../../../Engine/Content/EditorMaterials/MatineeGroups/MAT_Groups_Float.uasset" 352
"../../../Engine/Content/EditorMaterials/MatineeGroups/MAT_Groups_Move.uasset" 353
"../../../Engine/Content/EditorMaterials/MatineeGroups/MAT_Groups_Slomo.uasset" 354
"../../../Engine/Content/EditorMaterials/MatineeGroups/MAT_Groups_Sound.uasset" 355
"../../../Engine/Content/EditorMaterials/MatineeGroups/MAT_Groups_Vector.uasset" 356
"../../../Engine/Content/EditorMaterials/ParticleSystems/PSysThumbnail_NoImage.uasset" 357
"../../../Engine/Content/EditorMaterials/ParticleSystems/PSysThumbnail_OOD.uasset" 358
"../../../Engine/Content/EditorMaterials/Camera/CineMat.uasset" 359
"../../../Engine/Content/EditorMaterials/Camera/MI_CineMat_Rig.uasset" 360
"../../../Engine/Content/EditorMeshes/Camera/SM_CraneRig_Arm.uasset" 361
"../../../Engine/Content/EditorMeshes/Camera/SM_CraneRig_Base.uasset" 362
"../../../Engine/Content/EditorMeshes/Camera/SM_CraneRig_Body.uasset" 363
"../../../Engine/Content/EditorMeshes/Camera/SM_CraneRig_Mount.uasset" 364
"../../../Engine/Content/EditorMeshes/Camera/SM_RailRig_Mount.uasset" 365
"../../../Engine/Content/EditorMeshes/Camera/SM_RailRig_Track.uasset" 366
"../../../Engine/Content/EditorResources/BSPVertex.uasset" 367
"../../../Engine/Content/EditorResources/EmptyActor.uasset" 368
"../../../Engine/Content/EditorResources/S_Actor.uasset" 369
"../../../Engine/Content/EditorResources/S_Note.uasset" 370
"../../../Engine/Content/EditorResources/S_Solver.uasset" 371
"../../../Engine/Content/EditorResources/S_Trigger.uasset" 372
"../../../Engine/Content/EditorResources/LightIcons/S_LightError.uasset" 373
"../../../Engine/Content/EditorResources/SequenceRecorder/Countdown.uasset" 374
"../../../Engine/Content/EditorResources/SequenceRecorder/RecordingIndicator.uasset" 375
"../../../Engine/Content/EditorSounds/Notifications/CompileFailed.uasset" 376
"../../../Engine/Content/EditorSounds/Notifications/CompileFailed_Cue.uasset" 377
"../../../Engine/Content/EditorSounds/Notifications/CompileSuccess.uasset" 378
"../../../Engine/Content/EditorSounds/Notifications/CompileStart_Cue.uasset" 379
"../../../Engine/Content/EditorSounds/Notifications/CompileSuccess_Cue.uasset" 380
"../../../Engine/Content/EngineDamageTypes/DmgTypeBP_Environmental.uasset" 381
"../../../Engine/Content/EngineDebugMaterials/DebugEditorMaterial.uasset" 382
"../../../Engine/Content/EngineDebugMaterials/DebugMeshMaterial.uasset" 383
"../../../Engine/Content/EngineDebugMaterials/M_SimpleTranslucent.uasset" 384
"../../../Engine/Content/Functions/Engine_MaterialFunctions02/Utility/CameraDirectionVector.uasset" 385
"../../../Engine/Content/EngineDebugMaterials/VolumeToRender.uasset" 386
"../../../Engine/Content/EngineDebugMaterials/M_VolumeRenderSphereTracePP.uasset" 387
"../../../Engine/Content/EngineDebugMaterials/WireframeMaterial.uasset" 388
"../../../Engine/Content/EngineFonts/Faces/DroidSansFallback.uasset" 389
"../../../Engine/Content/EngineFonts/Faces/RobotoBold.uasset" 390
"../../../Engine/Content/EngineFonts/Faces/RobotoBoldItalic.uasset" 391
"../../../Engine/Content/EngineFonts/Faces/RobotoItalic.uasset" 392
"../../../Engine/Content/EngineFonts/Faces/RobotoLight.uasset" 393
"../../../Engine/Content/EngineFonts/Faces/RobotoRegular.uasset" 394
"../../../Engine/Content/EngineFonts/Roboto.uasset" 395
"../../../Engine/Content/EngineMaterials/BaseFlattenDiffuseMap.uasset" 396
"../../../Engine/Content/EngineMaterials/BaseFlattenEmissiveMap.uasset" 397
"../../../Engine/Content/EngineMaterials/BaseFlattenGrayscaleMap.uasset" 398
"../../../Engine/Content/EngineMaterials/BaseFlattenNormalMap.uasset" 399
"../../../Engine/Content/EngineMaterials/BaseFlattenMaterial.uasset" 400
"../../../Engine/Content/EngineMaterials/BlueNoise.uasset" 401
"../../../Engine/Content/EngineMaterials/DefaultBloomKernel.uasset" 402
"../../../Engine/Content/EngineMaterials/DefaultBokeh.uasset" 403
"../../../Engine/Content/EngineMaterials/DefaultDiffuse.uasset" 404
"../../../Engine/Content/EngineMaterials/DefaultDeferredDecalMaterial.uasset" 405
"../../../Engine/Content/EngineMaterials/DefaultLightFunctionMaterial.uasset" 406
"../../../Engine/Content/Functions/Engine_MaterialFunctions02/Utility/BreakOutFloat2Components.uasset" 407
"../../../Engine/Content/EngineMaterials/DefaultPostProcessMaterial.uasset" 408
"../../../Engine/Content/EngineFonts/RobotoDistanceField.uasset" 409
"../../../Engine/Content/EngineMaterials/DefaultTextMaterialOpaque.uasset" 410
"../../../Engine/Content/EngineMaterials/DefaultVirtualTextureMaterial.uasset" 411
"../../../Engine/Content/EngineMaterials/DefaultWhiteGrid.uasset" 412
"../../../Engine/Content/EngineMaterials/DefaultWhiteGrid_Low.uasset" 413
"../../../Engine/Content/EngineMaterials/EmissiveMeshMaterial.uasset" 414
"../../../Engine/Content/EngineMaterials/GizmoMaterial.uasset" 415
"../../../Engine/Content/EngineMaterials/Good64x64TilingNoiseHighFreq.uasset" 416
"../../../Engine/Content/EngineMaterials/HairDefaultMaterial.uasset" 417
"../../../Engine/Content/EngineMaterials/MiniFont.uasset" 418
"../../../Engine/Content/EngineMaterials/InvalidLightmapSettings.uasset" 419
"../../../Engine/Content/EngineMaterials/M_InvalidLightmapSettings.uasset" 420
"../../../Engine/Content/Functions/Engine_MaterialFunctions02/WorldPositionOffset/CameraOffset.uasset" 421
"../../../Engine/Content/EngineMaterials/PhAT_JointLimitMaterial.uasset" 422
"../../../Engine/Content/EngineMaterials/PreintegratedSkinBRDF.uasset" 423
"../../../Engine/Content/EngineMaterials/RemoveSurfaceMaterial.uasset" 424
"../../../Engine/Content/EngineMaterials/WeightMapPlaceholderTexture.uasset" 425
"../../../Engine/Content/EngineResources/WhiteSquareTexture.uasset" 426
"../../../Engine/Content/EngineMaterials/Widget3DPassThrough.uasset" 427
"../../../Engine/Content/EngineMaterials/Widget3DPassThrough_Masked.uasset" 428
"../../../Engine/Content/EngineMaterials/Widget3DPassThrough_Opaque.uasset" 429
"../../../Engine/Content/EngineMaterials/Widget3DPassThrough_Masked_OneSided.uasset" 430
"../../../Engine/Content/EngineMaterials/Widget3DPassThrough_Opaque_OneSided.uasset" 431
"../../../Engine/Content/EngineMaterials/Widget3DPassThrough_Translucent.uasset" 432
"../../../Engine/Content/EngineMaterials/Widget3DPassThrough_Translucent_OneSided.uasset" 433
"../../../Engine/Content/EngineMeshes/Cylinder.uasset" 434
"../../../Engine/Content/EngineMeshes/Sphere.uasset" 435
"../../../Engine/Content/EngineResources/Black.uasset" 436
"../../../Engine/Content/EngineResources/DefaultTexture.uasset" 437
"../../../Engine/Content/EngineResources/DefaultTextureCube.uasset" 438
"../../../Engine/Content/EngineResources/DefaultVolumeTexture2D.uasset" 439
"../../../Engine/Content/EngineResources/DefaultVolumeTexture.uasset" 440
"../../../Engine/Content/EngineResources/GradientTexture0.uasset" 441
"../../../Engine/Content/EngineSounds/Master.uasset" 442
"../../../Engine/Content/Functions/Engine_MaterialFunctions01/Shading/ConvertFromDiffSpec.uasset" 443
"../../../Engine/Content/Functions/Engine_MaterialFunctions01/Shading/PowerToRoughness.uasset" 444
"../../../Engine/Content/Maps/Templates/Thumbnails/Default.uasset" 445
"../../../Engine/Content/Maps/Templates/Thumbnails/TimeOfDay.uasset" 446
"../../../Engine/Content/Maps/Templates/Thumbnails/VR-Basic.uasset" 447
"../../../Engine/Content/MobileResources/T_MobileControls_texture.uasset" 448
"../../../Engine/Content/MobileResources/T_MobileMenu2.uasset" 449
"../../../Engine/Content/MobileResources/HUD/AnalogHat.uasset" 450
"../../../Engine/Content/MobileResources/HUD/VirtualJoystick_Background.uasset" 451
"../../../Engine/Content/MobileResources/HUD/VirtualJoystick_Thumb.uasset" 452
"../../../Engine/Content/MobileResources/HUD/DefaultVirtualJoysticks.uasset" 453
"../../../Engine/Content/MobileResources/HUD/LeftVirtualJoystickOnly.uasset" 454
"../../../Engine/Content/MobileResources/HUD/MobileHUDButton1_off.uasset" 455
"../../../Engine/Content/MobileResources/HUD/MobileHUDButton1_on.uasset" 456
"../../../Engine/Content/MobileResources/HUD/MobileHUDButton2_off.uasset" 457
"../../../Engine/Content/MobileResources/HUD/MobileHUDButton2_on.uasset" 458
"../../../Engine/Content/MobileResources/HUD/MobileHUDButton3.uasset" 459
"../../../Engine/Content/MobileResources/HUD/MobileHUDButtonFire.uasset" 460
"../../../Engine/Content/MobileResources/HUD/MobileHUDDirectionPad.uasset" 461
"../../../Engine/Content/MobileResources/HUD/MobileHUDDirectionPad2.uasset" 462
"../../../Engine/Content/MobileResources/HUD/MobileHUDDirectionPad3.uasset" 463
"../../../Engine/Content/MobileResources/HUD/MobileHUDDirectionStick.uasset" 464
"../../../Engine/Content/MobileResources/HUD/T_Castle_ThumbstickInner.uasset" 465
"../../../Engine/Content/MobileResources/HUD/T_Castle_ThumbstickOutter.uasset" 466
"../../../Engine/Content/Tutorial/ContentIntroCurve.uasset" 467
"../../../Engine/Content/Tutorial/Basics/LevelEditorAttract.uasset" 468
"../../../Engine/Content/VREditor/LaserPointer/VR_LaserPower_01.uasset" 469
"../../../Engine/Content/VREditor/TransformGizmo/TransformGizmoMaterial.uasset" 470
"../../../Engine/Content/VREditor/TransformGizmo/TranslucentTransformGizmoMaterial.uasset" 471
"../../../Engine/Content/VREditor/TransformGizmo/BoundingBoxCorner.uasset" 472
"../../../Engine/Content/VREditor/TransformGizmo/BoundingBoxEdge.uasset" 473
"../../../Engine/Content/VREditor/TransformGizmo/PlaneTranslationHandle.uasset" 474
"../../../Engine/Content/VREditor/TransformGizmo/Main.uasset" 475
"../../../Engine/Content/VREditor/TransformGizmo/Xray.uasset" 476
"../../../Engine/Content/VREditor/TransformGizmo/SM_Sequencer_Key.uasset" 477
"../../../Engine/Content/VREditor/TransformGizmo/SM_Sequencer_Node.uasset" 478
"../../Plugins/2D/Paper2D/Content/PlaceholderTextures/DummySpriteTexture.uasset" 479
"../../Plugins/2D/Paper2D/Content/DummySprite.uasset" 480
"../../Plugins/2D/Paper2D/Content/DefaultPaperTerrainMaterial.uasset" 481
"../../Plugins/2D/Paper2D/Content/DummySpriteTexture.uasset" 482
"../../Plugins/2D/Paper2D/Content/DefaultSpriteMaterial.uasset" 483
"../../Plugins/2D/Paper2D/Content/MaskedUnlitSpriteMaterial.uasset" 484
"../../Plugins/2D/Paper2D/Content/OpaqueUnlitSpriteMaterial.uasset" 485
"../../../Engine/Content/Functions/Engine_MaterialFunctions02/Utility/BreakOutFloat4Components.uasset" 486
"../../../Engine/Content/Functions/Engine_MaterialFunctions02/Utility/MakeFloat2.uasset" 487
"../../../Engine/Content/Functions/Engine_MaterialFunctions02/Utility/MakeFloat3.uasset" 488
"../../Plugins/Runtime/Oculus/OculusVR/Content/Materials/OculusMR_ChromaKey.uasset" 489
"../../Plugins/Runtime/Oculus/OculusVR/Content/Materials/OculusMR_ChromaKey_Lit.uasset" 490
"../../Plugins/Runtime/Oculus/OculusVR/Content/Materials/OculusMR_OpaqueColoredMaterial.uasset" 491
"../../Plugins/Runtime/Oculus/OculusVR/Content/Materials/OculusMR_WhiteMaterial.uasset" 492
"../../../Engine/Content/EngineSky/C_Sky_Cloud_Color.uasset" 493
"../../../Engine/Content/EngineSky/C_Sky_Horizon_Color.uasset" 494
"../../../Engine/Content/EngineSky/C_Sky_Zenith_Color.uasset" 495
"../../../Engine/Content/EngineSky/T_Sky_Blue.uasset" 496
"../../../Engine/Content/EngineSky/T_Sky_Clouds_M.uasset" 497
"../../../Engine/Content/EngineSky/T_Sky_Stars.uasset" 498
"../../../Engine/Content/EngineSky/M_Sky_Panning_Clouds2.uasset" 499
"../../../Engine/Content/EngineSky/SM_SkySphere.uasset" 500
"../../../Engine/Content/EngineSky/BP_Sky_Sphere.uasset" 501
"D:/LichKiller/Proyectos/Juegos/GameJam2020/Content/AdvancedVillagePack/Animations/Butterfly_Anim_Var01_Anim.uasset" 502
"D:/LichKiller/Proyectos/Juegos/GameJam2020/Content/AdvancedVillagePack/Animations/Butterfly_Anim_Var02_Anim.uasset" 503
"D:/LichKiller/Proyectos/Juegos/GameJam2020/Content/AdvancedVillagePack/Animations/Butterfly_Anim_Var03_Anim.uasset" 504
"D:/LichKiller/Proyectos/Juegos/GameJam2020/Content/AdvancedVillagePack/Animations/Butterfly_Anim_Var04_Anim.uasset" 505
"D:/LichKiller/Proyectos/Juegos/GameJam2020/Content/AdvancedVillagePack/Animations/Butterfly_Anim_Var05_Anim.uasset" 506
"D:/LichKiller/Proyectos/Juegos/GameJam2020/Content/AdvancedVillagePack/Textures/Effects/T_Butterflies_D.uasset" 507
"D:/LichKiller/Proyectos/Juegos/GameJam2020/Content/AdvancedVillagePack/Textures/Effects/T_Butterflies_O.uasset" 508
"D:/LichKiller/Proyectos/Juegos/GameJam2020/Content/AdvancedVillagePack/Materials/M_Simple_Cutout.uasset" 509
"D:/LichKiller/Proyectos/Juegos/GameJam2020/Content/AdvancedVillagePack/Materials/M_Inst_Butterflies.uasset" 510
"D:/LichKiller/Proyectos/Juegos/GameJam2020/Content/AdvancedVillagePack/Animations/Butterfly_Anim_Var01.uasset" 511
"D:/LichKiller/Proyectos/Juegos/GameJam2020/Content/AdvancedVillagePack/Meshes/ButterflyBody.uasset" 512
"D:/LichKiller/Proyectos/Juegos/GameJam2020/Content/AdvancedVillagePack/Meshes/ButterflyWing.uasset" 513
"D:/LichKiller/Proyectos/Juegos/GameJam2020/Content/AdvancedVillagePack/Blueprints/BP_Butterfly.uasset" 514
"D:/LichKiller/Proyectos/Juegos/GameJam2020/Content/AdvancedVillagePack/Textures/T_Pack_11_Leafs_DO.uasset" 515
"D:/LichKiller/Proyectos/Juegos/GameJam2020/Content/AdvancedVillagePack/Materials/M_Pfx_Additive.uasset" 516
"D:/LichKiller/Proyectos/Juegos/GameJam2020/Content/AdvancedVillagePack/Textures/Effects/T_Pfx_FlamesAtlas.uasset" 517
"D:/LichKiller/Proyectos/Juegos/GameJam2020/Content/AdvancedVillagePack/Materials/M_Inst_Pfx_Flames.uasset" 518
"D:/LichKiller/Proyectos/Juegos/GameJam2020/Content/AdvancedVillagePack/Textures/Effects/T_Pfx_Spark.uasset" 519
"D:/LichKiller/Proyectos/Juegos/GameJam2020/Content/AdvancedVillagePack/Materials/M_Inst_Pfx_Sparks.uasset" 520
"D:/LichKiller/Proyectos/Juegos/GameJam2020/Content/AdvancedVillagePack/Effects/Pfx_FireCamp.uasset" 521
"D:/LichKiller/Proyectos/Juegos/GameJam2020/Content/AdvancedVillagePack/Effects/Pfx_LightInsectsCampFire.uasset" 522
"D:/LichKiller/Proyectos/Juegos/GameJam2020/Content/AdvancedVillagePack/Materials/M_Pfx_TranslucentLit.uasset" 523
"D:/LichKiller/Proyectos/Juegos/GameJam2020/Content/AdvancedVillagePack/Textures/Effects/T_Pfx_Smoke.uasset" 524
"D:/LichKiller/Proyectos/Juegos/GameJam2020/Content/AdvancedVillagePack/Materials/M_Inst_Pfx_SmokeChimney.uasset" 525
"D:/LichKiller/Proyectos/Juegos/GameJam2020/Content/AdvancedVillagePack/Effects/Pfx_SmokeFireCamp.uasset" 526
"D:/LichKiller/Proyectos/Juegos/GameJam2020/Content/AdvancedVillagePack/Textures/T_Detail_N.uasset" 527
"D:/LichKiller/Proyectos/Juegos/GameJam2020/Content/AdvancedVillagePack/Textures/T_Pack_01_D.uasset" 528
"D:/LichKiller/Proyectos/Juegos/GameJam2020/Content/AdvancedVillagePack/Textures/T_Pack_01_N.uasset" 529
"D:/LichKiller/Proyectos/Juegos/GameJam2020/Content/AdvancedVillagePack/Textures/T_Pack_01_RM.uasset" 530
"D:/LichKiller/Proyectos/Juegos/GameJam2020/Content/AdvancedVillagePack/Textures/T_Pack_03_E.uasset" 531
"D:/LichKiller/Proyectos/Juegos/GameJam2020/Content/AdvancedVillagePack/Materials/M_Uber.uasset" 532
"D:/LichKiller/Proyectos/Juegos/GameJam2020/Content/AdvancedVillagePack/Textures/T_Pack_02_D.uasset" 533
"D:/LichKiller/Proyectos/Juegos/GameJam2020/Content/AdvancedVillagePack/Textures/T_Pack_02_N.uasset" 534
"D:/LichKiller/Proyectos/Juegos/GameJam2020/Content/AdvancedVillagePack/Textures/T_Pack_02_RM.uasset" 535
"D:/LichKiller/Proyectos/Juegos/GameJam2020/Content/AdvancedVillagePack/Materials/M_Inst_Pack_02.uasset" 536
"D:/LichKiller/Proyectos/Juegos/GameJam2020/Content/AdvancedVillagePack/Meshes/SM_Fish.uasset" 537
"D:/LichKiller/Proyectos/Juegos/GameJam2020/Content/AdvancedVillagePack/Textures/T_Pack_06_D.uasset" 538
"D:/LichKiller/Proyectos/Juegos/GameJam2020/Content/AdvancedVillagePack/Textures/T_Pack_06_N.uasset" 539
"D:/LichKiller/Proyectos/Juegos/GameJam2020/Content/AdvancedVillagePack/Textures/T_Pack_06_RM.uasset" 540
"D:/LichKiller/Proyectos/Juegos/GameJam2020/Content/AdvancedVillagePack/Materials/M_Inst_Pack_06.uasset" 541
"D:/LichKiller/Proyectos/Juegos/GameJam2020/Content/AdvancedVillagePack/Meshes/SM_Log_Var01.uasset" 542
"D:/LichKiller/Proyectos/Juegos/GameJam2020/Content/AdvancedVillagePack/Meshes/SM_Log_Var02.uasset" 543
"D:/LichKiller/Proyectos/Juegos/GameJam2020/Content/AdvancedVillagePack/Meshes/SM_Log_Var03.uasset" 544
"D:/LichKiller/Proyectos/Juegos/GameJam2020/Content/AdvancedVillagePack/Meshes/SM_Spike.uasset" 545
"D:/LichKiller/Proyectos/Juegos/GameJam2020/Content/AdvancedVillagePack/Textures/T_Pack_08_D.uasset" 546
"D:/LichKiller/Proyectos/Juegos/GameJam2020/Content/AdvancedVillagePack/Textures/T_Pack_08_N.uasset" 547
"D:/LichKiller/Proyectos/Juegos/GameJam2020/Content/AdvancedVillagePack/Textures/T_Pack_08_RM.uasset" 548
"D:/LichKiller/Proyectos/Juegos/GameJam2020/Content/AdvancedVillagePack/Materials/M_Inst_Pack_08.uasset" 549
"D:/LichKiller/Proyectos/Juegos/GameJam2020/Content/AdvancedVillagePack/Meshes/SM_Stone_Small_Var01.uasset" 550
"D:/LichKiller/Proyectos/Juegos/GameJam2020/Content/AdvancedVillagePack/Meshes/SM_Stone_Small_Var02.uasset" 551
"D:/LichKiller/Proyectos/Juegos/GameJam2020/Content/AdvancedVillagePack/Meshes/SM_Stone_Small_Var03.uasset" 552
"D:/LichKiller/Proyectos/Juegos/GameJam2020/Content/AdvancedVillagePack/Meshes/SM_Stone_Small_Var04.uasset" 553
"D:/LichKiller/Proyectos/Juegos/GameJam2020/Content/AdvancedVillagePack/Meshes/SM_Stone_Small_Var05.uasset" 554
"D:/LichKiller/Proyectos/Juegos/GameJam2020/Content/AdvancedVillagePack/Blueprints/BP_CampFire.uasset" 555
"D:/LichKiller/Proyectos/Juegos/GameJam2020/Content/AdvancedVillagePack/Blueprints/Misc/BP_Interface_OnDayOnNight.uasset" 556
"D:/LichKiller/Proyectos/Juegos/GameJam2020/Content/AdvancedVillagePack/Blueprints/BP_CampFire_OnDayOnNight.uasset" 557
"D:/LichKiller/Proyectos/Juegos/GameJam2020/Content/AdvancedVillagePack/Effects/Pfx_FireTorch.uasset" 558
"D:/LichKiller/Proyectos/Juegos/GameJam2020/Content/AdvancedVillagePack/Effects/Pfx_SmokeChimney.uasset" 559
"D:/LichKiller/Proyectos/Juegos/GameJam2020/Content/AdvancedVillagePack/Textures/T_Pack_04_D.uasset" 560
"D:/LichKiller/Proyectos/Juegos/GameJam2020/Content/AdvancedVillagePack/Textures/T_Pack_04_E.uasset" 561
"D:/LichKiller/Proyectos/Juegos/GameJam2020/Content/AdvancedVillagePack/Textures/T_Pack_04_N.uasset" 562
"D:/LichKiller/Proyectos/Juegos/GameJam2020/Content/AdvancedVillagePack/Textures/T_Pack_04_RM.uasset" 563
"D:/LichKiller/Proyectos/Juegos/GameJam2020/Content/AdvancedVillagePack/Materials/M_Inst_Pack_04.uasset" 564
"D:/LichKiller/Proyectos/Juegos/GameJam2020/Content/AdvancedVillagePack/Meshes/SM_House_Var01.uasset" 565
"D:/LichKiller/Proyectos/Juegos/GameJam2020/Content/AdvancedVillagePack/Textures/T_Pack_05_D.uasset" 566
"D:/LichKiller/Proyectos/Juegos/GameJam2020/Content/AdvancedVillagePack/Textures/T_Pack_05_E.uasset" 567
"D:/LichKiller/Proyectos/Juegos/GameJam2020/Content/AdvancedVillagePack/Textures/T_Pack_05_N.uasset" 568
"D:/LichKiller/Proyectos/Juegos/GameJam2020/Content/AdvancedVillagePack/Textures/T_Pack_05_RM.uasset" 569
"D:/LichKiller/Proyectos/Juegos/GameJam2020/Content/AdvancedVillagePack/Materials/M_Inst_Pack_05.uasset" 570
"D:/LichKiller/Proyectos/Juegos/GameJam2020/Content/AdvancedVillagePack/Meshes/SM_House_Var01_Extra01.uasset" 571
"D:/LichKiller/Proyectos/Juegos/GameJam2020/Content/AdvancedVillagePack/Meshes/SM_House_Var01_Extra02.uasset" 572
"D:/LichKiller/Proyectos/Juegos/GameJam2020/Content/AdvancedVillagePack/Meshes/SM_House_Var01_Extra03.uasset" 573
"D:/LichKiller/Proyectos/Juegos/GameJam2020/Content/AdvancedVillagePack/Meshes/SM_House_Var01_Extra04.uasset" 574
"D:/LichKiller/Proyectos/Juegos/GameJam2020/Content/AdvancedVillagePack/Meshes/SM_House_Var01_Extra05.uasset" 575
"D:/LichKiller/Proyectos/Juegos/GameJam2020/Content/AdvancedVillagePack/Meshes/SM_House_Var01_Extra06.uasset" 576
"D:/LichKiller/Proyectos/Juegos/GameJam2020/Content/AdvancedVillagePack/Meshes/SM_House_Var01_Extra07.uasset" 577
"D:/LichKiller/Proyectos/Juegos/GameJam2020/Content/AdvancedVillagePack/Meshes/SM_House_Var01_Extra08.uasset" 578
"D:/LichKiller/Proyectos/Juegos/GameJam2020/Content/AdvancedVillagePack/Meshes/SM_Torch_Var02.uasset" 579
"D:/LichKiller/Proyectos/Juegos/GameJam2020/Content/AdvancedVillagePack/Blueprints/BP_House_Var01.uasset" 580
"D:/LichKiller/Proyectos/Juegos/GameJam2020/Content/AdvancedVillagePack/Blueprints/BP_House_Var01_OnDayOnNight.uasset" 581
"D:/LichKiller/Proyectos/Juegos/GameJam2020/Content/AdvancedVillagePack/Textures/T_Pack_09_D.uasset" 582
"D:/LichKiller/Proyectos/Juegos/GameJam2020/Content/AdvancedVillagePack/Textures/T_Pack_09_E.uasset" 583
"D:/LichKiller/Proyectos/Juegos/GameJam2020/Content/AdvancedVillagePack/Textures/T_Pack_09_N.uasset" 584
"D:/LichKiller/Proyectos/Juegos/GameJam2020/Content/AdvancedVillagePack/Textures/T_Pack_09_RM.uasset" 585
"D:/LichKiller/Proyectos/Juegos/GameJam2020/Content/AdvancedVillagePack/Materials/M_Inst_Pack_09.uasset" 586
"D:/LichKiller/Proyectos/Juegos/GameJam2020/Content/AdvancedVillagePack/Meshes/SM_House_Var02.uasset" 587
"D:/LichKiller/Proyectos/Juegos/GameJam2020/Content/AdvancedVillagePack/Meshes/SM_House_Var02_Extra.uasset" 588
"D:/LichKiller/Proyectos/Juegos/GameJam2020/Content/AdvancedVillagePack/Blueprints/BP_House_Var02.uasset" 589
"D:/LichKiller/Proyectos/Juegos/GameJam2020/Content/AdvancedVillagePack/Blueprints/BP_House_Var02_OnDayOnNight.uasset" 590
"D:/LichKiller/Proyectos/Juegos/GameJam2020/Content/AdvancedVillagePack/Effects/Pfx_LightInsects.uasset" 591
"D:/LichKiller/Proyectos/Juegos/GameJam2020/Content/AdvancedVillagePack/Textures/T_Pack_03_D.uasset" 592
"D:/LichKiller/Proyectos/Juegos/GameJam2020/Content/AdvancedVillagePack/Textures/T_Pack_03_N.uasset" 593
"D:/LichKiller/Proyectos/Juegos/GameJam2020/Content/AdvancedVillagePack/Textures/T_Pack_03_RM.uasset" 594
"D:/LichKiller/Proyectos/Juegos/GameJam2020/Content/AdvancedVillagePack/Materials/M_Inst_Pack_03.uasset" 595
"D:/LichKiller/Proyectos/Juegos/GameJam2020/Content/AdvancedVillagePack/Meshes/SM_StreetLight.uasset" 596
"D:/LichKiller/Proyectos/Juegos/GameJam2020/Content/AdvancedVillagePack/Blueprints/BP_Street_Lamp.uasset" 597
"D:/LichKiller/Proyectos/Juegos/GameJam2020/Content/AdvancedVillagePack/Blueprints/BP_Street_Lamp_OnDayOnNight.uasset" 598
"D:/LichKiller/Proyectos/Juegos/GameJam2020/Content/AdvancedVillagePack/Materials/M_Pfx_Diffuse_TwoSidedFoliage.uasset" 599
"D:/LichKiller/Proyectos/Juegos/GameJam2020/Content/AdvancedVillagePack/Materials/M_Inst_Pfx_Leafs.uasset" 600
"D:/LichKiller/Proyectos/Juegos/GameJam2020/Content/AdvancedVillagePack/Effects/Pfx_FallingLeafs.uasset" 601
"D:/LichKiller/Proyectos/Juegos/GameJam2020/Content/AdvancedVillagePack/Textures/T_Pack_TreeLeafs_D.uasset" 602
"D:/LichKiller/Proyectos/Juegos/GameJam2020/Content/AdvancedVillagePack/Textures/T_Pack_TreeLeafs_Mask.uasset" 603
"D:/LichKiller/Proyectos/Juegos/GameJam2020/Content/AdvancedVillagePack/Textures/T_Pack_TreeLeafs_O.uasset" 604
"D:/LichKiller/Proyectos/Juegos/GameJam2020/Content/AdvancedVillagePack/Textures/T_Pack_TreeLeafs_RM.uasset" 605
"D:/LichKiller/Proyectos/Juegos/GameJam2020/Content/AdvancedVillagePack/Materials/M_Uber_Cutout_Wind.uasset" 606
"D:/LichKiller/Proyectos/Juegos/GameJam2020/Content/AdvancedVillagePack/Materials/M_Inst_TreeLeafs.uasset" 607
"D:/LichKiller/Proyectos/Juegos/GameJam2020/Content/AdvancedVillagePack/Textures/T_Pack_TreeTrunks_D.uasset" 608
"D:/LichKiller/Proyectos/Juegos/GameJam2020/Content/AdvancedVillagePack/Textures/T_Pack_TreeTrunks_N.uasset" 609
"D:/LichKiller/Proyectos/Juegos/GameJam2020/Content/AdvancedVillagePack/Textures/T_Pack_TreeTrunks_RM.uasset" 610
"D:/LichKiller/Proyectos/Juegos/GameJam2020/Content/AdvancedVillagePack/Materials/M_Inst_TreeTrunks.uasset" 611
"D:/LichKiller/Proyectos/Juegos/GameJam2020/Content/AdvancedVillagePack/Meshes/SM_Tree_Var01.uasset" 612
"D:/LichKiller/Proyectos/Juegos/GameJam2020/Content/AdvancedVillagePack/Meshes/SM_Tree_Var02.uasset" 613
"D:/LichKiller/Proyectos/Juegos/GameJam2020/Content/AdvancedVillagePack/Meshes/SM_Tree_Var03.uasset" 614
"D:/LichKiller/Proyectos/Juegos/GameJam2020/Content/AdvancedVillagePack/Meshes/SM_Tree_Var04.uasset" 615
"D:/LichKiller/Proyectos/Juegos/GameJam2020/Content/AdvancedVillagePack/Meshes/SM_Tree_Var05.uasset" 616
"D:/LichKiller/Proyectos/Juegos/GameJam2020/Content/AdvancedVillagePack/Blueprints/BP_Tree.uasset" 617
"D:/LichKiller/Proyectos/Juegos/GameJam2020/Content/AdvancedVillagePack/Textures/T_Pack_06_O.uasset" 618
"D:/LichKiller/Proyectos/Juegos/GameJam2020/Content/AdvancedVillagePack/Materials/M_Uber_Cutout.uasset" 619
"D:/LichKiller/Proyectos/Juegos/GameJam2020/Content/AdvancedVillagePack/Materials/M_Inst_Pack_06_Cutout.uasset" 620
"D:/LichKiller/Proyectos/Juegos/GameJam2020/Content/AdvancedVillagePack/Meshes/SM_Flower_Var01.uasset" 621
"D:/LichKiller/Proyectos/Juegos/GameJam2020/Content/AdvancedVillagePack/Meshes/SM_Flower_Var02.uasset" 622
"D:/LichKiller/Proyectos/Juegos/GameJam2020/Content/AdvancedVillagePack/Meshes/SM_Flower_Var03.uasset" 623
"D:/LichKiller/Proyectos/Juegos/GameJam2020/Content/AdvancedVillagePack/Meshes/SM_Flower_Var04.uasset" 624
"D:/LichKiller/Proyectos/Juegos/GameJam2020/Content/AdvancedVillagePack/Meshes/SM_Flower_Var05.uasset" 625
"D:/LichKiller/Proyectos/Juegos/GameJam2020/Content/AdvancedVillagePack/Meshes/SM_Flower_Var06.uasset" 626
"D:/LichKiller/Proyectos/Juegos/GameJam2020/Content/AdvancedVillagePack/Materials/M_Inst_Landscape_Foliage_Var01.uasset" 627
"D:/LichKiller/Proyectos/Juegos/GameJam2020/Content/AdvancedVillagePack/Meshes/SM_GrassPatch_Var01.uasset" 628
"D:/LichKiller/Proyectos/Juegos/GameJam2020/Content/AdvancedVillagePack/Textures/Landscape/T_Foliage_Var02_D.uasset" 629
"D:/LichKiller/Proyectos/Juegos/GameJam2020/Content/AdvancedVillagePack/Textures/Landscape/T_Foliage_Var02_O.uasset" 630
"D:/LichKiller/Proyectos/Juegos/GameJam2020/Content/AdvancedVillagePack/Materials/M_Inst_Landscape_Foliage_Var02.uasset" 631
"D:/LichKiller/Proyectos/Juegos/GameJam2020/Content/AdvancedVillagePack/Meshes/SM_GrassPatch_Var02.uasset" 632
"D:/LichKiller/Proyectos/Juegos/GameJam2020/Content/AdvancedVillagePack/Meshes/SM_Well.uasset" 633
"D:/LichKiller/Proyectos/Juegos/GameJam2020/Content/AdvancedVillagePack/Meshes/SM_Well_Extra01.uasset" 634
"D:/LichKiller/Proyectos/Juegos/GameJam2020/Content/AdvancedVillagePack/Meshes/SM_Well_Extra02.uasset" 635
"D:/LichKiller/Proyectos/Juegos/GameJam2020/Content/AdvancedVillagePack/Meshes/SM_Well_Extra03.uasset" 636
"D:/LichKiller/Proyectos/Juegos/GameJam2020/Content/AdvancedVillagePack/Meshes/SM_Well_Extra04.uasset" 637
"D:/LichKiller/Proyectos/Juegos/GameJam2020/Content/AdvancedVillagePack/Blueprints/BP_Well.uasset" 638
"D:/LichKiller/Proyectos/Juegos/GameJam2020/Content/AdvancedVillagePack/Blueprints/Misc/BP_Misc_Text.uasset" 639
"../../../Engine/Content/TemplateResources/M_Template_Master.uasset" 640
"../../../Engine/Content/TemplateResources/MI_Template_BaseGray_03_Metal.uasset" 641
"D:/LichKiller/Proyectos/Juegos/GameJam2020/Content/AdvancedVillagePack/Materials/M_Pfx_DustParticles.uasset" 642
"D:/LichKiller/Proyectos/Juegos/GameJam2020/Content/AdvancedVillagePack/Effects/Pfx_DustParticles.uasset" 643
"D:/LichKiller/Proyectos/Juegos/GameJam2020/Content/AdvancedVillagePack/Effects/Pfx_Mist.uasset" 644
"D:/LichKiller/Proyectos/Juegos/GameJam2020/Content/AdvancedVillagePack/Meshes/SM_Apple.uasset" 645
"D:/LichKiller/Proyectos/Juegos/GameJam2020/Content/AdvancedVillagePack/Meshes/SM_Axe.uasset" 646
"D:/LichKiller/Proyectos/Juegos/GameJam2020/Content/AdvancedVillagePack/Materials/M_Inst_Pack_01.uasset" 647
"D:/LichKiller/Proyectos/Juegos/GameJam2020/Content/AdvancedVillagePack/Meshes/SM_Barrel.uasset" 648
"D:/LichKiller/Proyectos/Juegos/GameJam2020/Content/AdvancedVillagePack/Textures/T_Pack_07_D.uasset" 649
"D:/LichKiller/Proyectos/Juegos/GameJam2020/Content/AdvancedVillagePack/Textures/T_Pack_07_N.uasset" 650
"D:/LichKiller/Proyectos/Juegos/GameJam2020/Content/AdvancedVillagePack/Textures/T_Pack_07_RM.uasset" 651
"D:/LichKiller/Proyectos/Juegos/GameJam2020/Content/AdvancedVillagePack/Materials/M_Inst_Pack_07.uasset" 652
"D:/LichKiller/Proyectos/Juegos/GameJam2020/Content/AdvancedVillagePack/Meshes/SM_Boat.uasset" 653
"D:/LichKiller/Proyectos/Juegos/GameJam2020/Content/AdvancedVillagePack/Meshes/SM_Bridge_Var01.uasset" 654
"D:/LichKiller/Proyectos/Juegos/GameJam2020/Content/AdvancedVillagePack/Meshes/SM_Bridge_Var02.uasset" 655
"D:/LichKiller/Proyectos/Juegos/GameJam2020/Content/AdvancedVillagePack/Meshes/SM_Bridge_Var03.uasset" 656
"D:/LichKiller/Proyectos/Juegos/GameJam2020/Content/AdvancedVillagePack/Meshes/SM_Bridge_Var04.uasset" 657
"D:/LichKiller/Proyectos/Juegos/GameJam2020/Content/AdvancedVillagePack/Meshes/SM_Bucket.uasset" 658
"D:/LichKiller/Proyectos/Juegos/GameJam2020/Content/AdvancedVillagePack/Meshes/SM_Cart_Var01.uasset" 659
"D:/LichKiller/Proyectos/Juegos/GameJam2020/Content/AdvancedVillagePack/Meshes/SM_Cart_Var02.uasset" 660
"D:/LichKiller/Proyectos/Juegos/GameJam2020/Content/AdvancedVillagePack/Meshes/SM_Cauldron.uasset" 661
"D:/LichKiller/Proyectos/Juegos/GameJam2020/Content/AdvancedVillagePack/Meshes/SM_Crate_Closed.uasset" 662
"D:/LichKiller/Proyectos/Juegos/GameJam2020/Content/AdvancedVillagePack/Meshes/SM_Crate_Open.uasset" 663
"D:/LichKiller/Proyectos/Juegos/GameJam2020/Content/AdvancedVillagePack/Meshes/SM_Fence_Var01.uasset" 664
"D:/LichKiller/Proyectos/Juegos/GameJam2020/Content/AdvancedVillagePack/Meshes/SM_Fence_Var02.uasset" 665
"D:/LichKiller/Proyectos/Juegos/GameJam2020/Content/AdvancedVillagePack/Meshes/SM_Fence_Var03.uasset" 666
"D:/LichKiller/Proyectos/Juegos/GameJam2020/Content/AdvancedVillagePack/Meshes/SM_Fence_Var04.uasset" 667
"D:/LichKiller/Proyectos/Juegos/GameJam2020/Content/AdvancedVillagePack/Meshes/SM_Hay_Small_Var01.uasset" 668
"D:/LichKiller/Proyectos/Juegos/GameJam2020/Content/AdvancedVillagePack/Meshes/SM_Hay_Small_Var02.uasset" 669
"D:/LichKiller/Proyectos/Juegos/GameJam2020/Content/AdvancedVillagePack/Meshes/SM_Hay_Stack.uasset" 670
"D:/LichKiller/Proyectos/Juegos/GameJam2020/Content/AdvancedVillagePack/Materials/M_Inst_Pack_05_LightsOn.uasset" 671
"D:/LichKiller/Proyectos/Juegos/GameJam2020/Content/AdvancedVillagePack/Meshes/SM_House_Var01_Extra01_LightsOn.uasset" 672
"D:/LichKiller/Proyectos/Juegos/GameJam2020/Content/AdvancedVillagePack/Meshes/SM_House_Var01_Extra02_LightsOn.uasset" 673
"D:/LichKiller/Proyectos/Juegos/GameJam2020/Content/AdvancedVillagePack/Materials/M_Inst_Pack_04_LightsOn.uasset" 674
"D:/LichKiller/Proyectos/Juegos/GameJam2020/Content/AdvancedVillagePack/Meshes/SM_House_Var01_LightsOn.uasset" 675
"D:/LichKiller/Proyectos/Juegos/GameJam2020/Content/AdvancedVillagePack/Materials/M_Inst_Pack_09_LightsOn.uasset" 676
"D:/LichKiller/Proyectos/Juegos/GameJam2020/Content/AdvancedVillagePack/Meshes/SM_House_Var02_LightsOn.uasset" 677
"D:/LichKiller/Proyectos/Juegos/GameJam2020/Content/AdvancedVillagePack/Meshes/SM_Ladder.uasset" 678
"D:/LichKiller/Proyectos/Juegos/GameJam2020/Content/AdvancedVillagePack/Meshes/SM_Log_Var04.uasset" 679
"D:/LichKiller/Proyectos/Juegos/GameJam2020/Content/AdvancedVillagePack/Meshes/SM_Logs_Var01.uasset" 680
"D:/LichKiller/Proyectos/Juegos/GameJam2020/Content/AdvancedVillagePack/Meshes/SM_Logs_Var02.uasset" 681
"D:/LichKiller/Proyectos/Juegos/GameJam2020/Content/AdvancedVillagePack/Meshes/SM_Mushroom_Var01.uasset" 682
"D:/LichKiller/Proyectos/Juegos/GameJam2020/Content/AdvancedVillagePack/Meshes/SM_Mushroom_Var02.uasset" 683
"D:/LichKiller/Proyectos/Juegos/GameJam2020/Content/AdvancedVillagePack/Meshes/SM_Mushroom_Var03.uasset" 684
"D:/LichKiller/Proyectos/Juegos/GameJam2020/Content/AdvancedVillagePack/Meshes/SM_Mushroom_Var04.uasset" 685
"D:/LichKiller/Proyectos/Juegos/GameJam2020/Content/AdvancedVillagePack/Meshes/SM_Mushroom_Var05.uasset" 686
"D:/LichKiller/Proyectos/Juegos/GameJam2020/Content/AdvancedVillagePack/Meshes/SM_Mushroom_Var06.uasset" 687
"D:/LichKiller/Proyectos/Juegos/GameJam2020/Content/AdvancedVillagePack/Meshes/SM_Pitchfork.uasset" 688
"D:/LichKiller/Proyectos/Juegos/GameJam2020/Content/AdvancedVillagePack/Meshes/SM_Plant.uasset" 689
"D:/LichKiller/Proyectos/Juegos/GameJam2020/Content/AdvancedVillagePack/Meshes/SM_Pot_Var01.uasset" 690
"D:/LichKiller/Proyectos/Juegos/GameJam2020/Content/AdvancedVillagePack/Meshes/SM_Pot_Var02.uasset" 691
"D:/LichKiller/Proyectos/Juegos/GameJam2020/Content/AdvancedVillagePack/Meshes/SM_Pot_Var03.uasset" 692
"D:/LichKiller/Proyectos/Juegos/GameJam2020/Content/AdvancedVillagePack/Meshes/SM_Pot_Var04.uasset" 693
"D:/LichKiller/Proyectos/Juegos/GameJam2020/Content/AdvancedVillagePack/Meshes/SM_Pot_Var05.uasset" 694
"D:/LichKiller/Proyectos/Juegos/GameJam2020/Content/AdvancedVillagePack/Meshes/SM_Pot_Var06.uasset" 695
"D:/LichKiller/Proyectos/Juegos/GameJam2020/Content/AdvancedVillagePack/Meshes/SM_Potato.uasset" 696
"D:/LichKiller/Proyectos/Juegos/GameJam2020/Content/AdvancedVillagePack/Meshes/SM_Pumpkin_Var01.uasset" 697
"D:/LichKiller/Proyectos/Juegos/GameJam2020/Content/AdvancedVillagePack/Meshes/SM_Pumpkin_Var02.uasset" 698
"D:/LichKiller/Proyectos/Juegos/GameJam2020/Content/AdvancedVillagePack/Meshes/SM_Pumpkin_Var03.uasset" 699
"D:/LichKiller/Proyectos/Juegos/GameJam2020/Content/AdvancedVillagePack/Meshes/SM_Sack_Apple.uasset" 700
"D:/LichKiller/Proyectos/Juegos/GameJam2020/Content/AdvancedVillagePack/Meshes/SM_Sack_Flour.uasset" 701
"D:/LichKiller/Proyectos/Juegos/GameJam2020/Content/AdvancedVillagePack/Meshes/SM_Sack_Potato.uasset" 702
"D:/LichKiller/Proyectos/Juegos/GameJam2020/Content/AdvancedVillagePack/Meshes/SM_Sack_Tomato.uasset" 703
"D:/LichKiller/Proyectos/Juegos/GameJam2020/Content/AdvancedVillagePack/Meshes/SM_Sack_Var01.uasset" 704
"D:/LichKiller/Proyectos/Juegos/GameJam2020/Content/AdvancedVillagePack/Meshes/SM_Sack_Var02.uasset" 705
"D:/LichKiller/Proyectos/Juegos/GameJam2020/Content/AdvancedVillagePack/Meshes/SM_SackWithApples.uasset" 706
"D:/LichKiller/Proyectos/Juegos/GameJam2020/Content/AdvancedVillagePack/Meshes/SM_SackWithPotatoes.uasset" 707
"D:/LichKiller/Proyectos/Juegos/GameJam2020/Content/AdvancedVillagePack/Meshes/SM_SackWithTomatoes.uasset" 708
"D:/LichKiller/Proyectos/Juegos/GameJam2020/Content/AdvancedVillagePack/Meshes/SM_Stone_Big_Var01.uasset" 709
"D:/LichKiller/Proyectos/Juegos/GameJam2020/Content/AdvancedVillagePack/Meshes/SM_Stone_Big_Var02.uasset" 710
"D:/LichKiller/Proyectos/Juegos/GameJam2020/Content/AdvancedVillagePack/Meshes/SM_Stone_Big_Var03.uasset" 711
"D:/LichKiller/Proyectos/Juegos/GameJam2020/Content/AdvancedVillagePack/Meshes/SM_Stone_Big_Var04.uasset" 712
"D:/LichKiller/Proyectos/Juegos/GameJam2020/Content/AdvancedVillagePack/Meshes/SM_Stone_Big_Var05.uasset" 713
"D:/LichKiller/Proyectos/Juegos/GameJam2020/Content/AdvancedVillagePack/Meshes/SM_Stone_Medium_Var01.uasset" 714
"D:/LichKiller/Proyectos/Juegos/GameJam2020/Content/AdvancedVillagePack/Meshes/SM_Stone_Medium_Var02.uasset" 715
"D:/LichKiller/Proyectos/Juegos/GameJam2020/Content/AdvancedVillagePack/Meshes/SM_Stone_Medium_Var03.uasset" 716
"D:/LichKiller/Proyectos/Juegos/GameJam2020/Content/AdvancedVillagePack/Meshes/SM_Stone_Medium_Var04.uasset" 717
"D:/LichKiller/Proyectos/Juegos/GameJam2020/Content/AdvancedVillagePack/Meshes/SM_Stone_Medium_Var05.uasset" 718
"D:/LichKiller/Proyectos/Juegos/GameJam2020/Content/AdvancedVillagePack/Meshes/SM_StoneFlat_Var01.uasset" 719
"D:/LichKiller/Proyectos/Juegos/GameJam2020/Content/AdvancedVillagePack/Meshes/SM_StoneFlat_Var02.uasset" 720
"D:/LichKiller/Proyectos/Juegos/GameJam2020/Content/AdvancedVillagePack/Meshes/SM_StoneFlat_Var03.uasset" 721
"D:/LichKiller/Proyectos/Juegos/GameJam2020/Content/AdvancedVillagePack/Meshes/SM_StoneFlat_Var04.uasset" 722
"D:/LichKiller/Proyectos/Juegos/GameJam2020/Content/AdvancedVillagePack/Meshes/SM_StoneFlat_Var05.uasset" 723
"D:/LichKiller/Proyectos/Juegos/GameJam2020/Content/AdvancedVillagePack/Meshes/SM_Stonepath_Var01.uasset" 724
"D:/LichKiller/Proyectos/Juegos/GameJam2020/Content/AdvancedVillagePack/Meshes/SM_Stonepath_Var02.uasset" 725
"D:/LichKiller/Proyectos/Juegos/GameJam2020/Content/AdvancedVillagePack/Meshes/SM_Stonepath_Var03.uasset" 726
"D:/LichKiller/Proyectos/Juegos/GameJam2020/Content/AdvancedVillagePack/Materials/M_Inst_Pack_03_LightsOn.uasset" 727
"D:/LichKiller/Proyectos/Juegos/GameJam2020/Content/AdvancedVillagePack/Meshes/SM_StreetLight_LightsOn.uasset" 728
"D:/LichKiller/Proyectos/Juegos/GameJam2020/Content/AdvancedVillagePack/Meshes/SM_Tomato.uasset" 729
"D:/LichKiller/Proyectos/Juegos/GameJam2020/Content/AdvancedVillagePack/Meshes/SM_Torch_Var01.uasset" 730
"D:/LichKiller/Proyectos/Juegos/GameJam2020/Content/AdvancedVillagePack/Meshes/SM_Treestump_Var01.uasset" 731
"D:/LichKiller/Proyectos/Juegos/GameJam2020/Content/AdvancedVillagePack/Meshes/SM_Treestump_Var02.uasset" 732
"D:/LichKiller/Proyectos/Juegos/GameJam2020/Content/AdvancedVillagePack/Meshes/SM_Watermellon.uasset" 733
"D:/LichKiller/Proyectos/Juegos/GameJam2020/Content/AdvancedVillagePack/Meshes/SM_Wheel.uasset" 734
"D:/LichKiller/Proyectos/Juegos/GameJam2020/Content/AdvancedVillagePack/Maps/AdvancedVillagePack_Overview.umap" 735
"D:/LichKiller/Proyectos/Juegos/GameJam2020/Content/AdvancedVillagePack/Blueprints/Misc/BP_Misc_DayNight_Cycle.uasset" 736
"D:/LichKiller/Proyectos/Juegos/GameJam2020/Content/AdvancedVillagePack/Textures/Landscape/T_Landscape_Grass_DH.uasset" 737
"D:/LichKiller/Proyectos/Juegos/GameJam2020/Content/AdvancedVillagePack/Textures/Landscape/T_Landscape_Grass_N.uasset" 738
"D:/LichKiller/Proyectos/Juegos/GameJam2020/Content/AdvancedVillagePack/Textures/Landscape/T_Landscape_Pebbles_DH.uasset" 739
"D:/LichKiller/Proyectos/Juegos/GameJam2020/Content/AdvancedVillagePack/Textures/Landscape/T_Landscape_Pebbles_N.uasset" 740
"D:/LichKiller/Proyectos/Juegos/GameJam2020/Content/AdvancedVillagePack/Textures/Landscape/T_Landscape_Soil_DH.uasset" 741
"D:/LichKiller/Proyectos/Juegos/GameJam2020/Content/AdvancedVillagePack/Textures/Landscape/T_Landscape_Soil_N.uasset" 742
"D:/LichKiller/Proyectos/Juegos/GameJam2020/Content/AdvancedVillagePack/Materials/M_Landscape.uasset" 743
"D:/LichKiller/Proyectos/Juegos/GameJam2020/Content/AdvancedVillagePack/Materials/M_Inst_Landscape.uasset" 744
"D:/LichKiller/Proyectos/Juegos/GameJam2020/Content/AdvancedVillagePack/Textures/Effects/T_Water_N.uasset" 745
"D:/LichKiller/Proyectos/Juegos/GameJam2020/Content/AdvancedVillagePack/Materials/M_Water.uasset" 746
"D:/LichKiller/Proyectos/Juegos/GameJam2020/Content/AdvancedVillagePack/Materials/M_Inst_Water.uasset" 747
"../../../Engine/Content/EditorResources/MatineeCam_D.uasset" 748
"../../../Engine/Content/EngineMaterials/DefaultPhysicalMaterial.uasset" 749
"D:/LichKiller/Proyectos/Juegos/GameJam2020/Content/AdvancedVillagePack/Maps/Texture2D_6_BaseColor.uasset" 750
"D:/LichKiller/Proyectos/Juegos/GameJam2020/Content/AdvancedVillagePack/Meshes/SM_Plane_1x1.uasset" 751
"D:/LichKiller/Proyectos/Juegos/GameJam2020/Content/AdvancedVillagePack/Maps/AdvancedVillagePack_Showcase.umap" 752
"D:/LichKiller/Proyectos/Juegos/GameJam2020/Content/NPC/Patrullar.uasset" 753
"D:/LichKiller/Proyectos/Juegos/GameJam2020/Content/NPC/NPC_Walk.uasset" 754
"D:/LichKiller/Proyectos/Juegos/GameJam2020/Content/NPC/NPC_1.uasset" 755
"D:/LichKiller/Proyectos/Juegos/GameJam2020/Content/StarterContent/Textures/T_Metal_Aluminum_D.uasset" 756
"D:/LichKiller/Proyectos/Juegos/GameJam2020/Content/StarterContent/Materials/M_Metal_Burnished_Steel.uasset" 757
"D:/LichKiller/Proyectos/Juegos/GameJam2020/Content/StarterContent/Textures/T_Metal_Gold_D.uasset" 758
"D:/LichKiller/Proyectos/Juegos/GameJam2020/Content/StarterContent/Materials/M_Metal_Gold.uasset" 759
"../../../Engine/Content/BasicShapes/Sphere.uasset" 760
"D:/LichKiller/Proyectos/Juegos/GameJam2020/Content/Puzzles/Puzzle_1/Point.uasset" 761
"../../../Engine/Content/BasicShapes/Cube.uasset" 762
"D:/LichKiller/Proyectos/Juegos/GameJam2020/Content/Puzzles/Puzzle_1/SpawnP1.uasset" 763
"D:/LichKiller/Proyectos/Juegos/GameJam2020/Content/World/Zero_sharedassets/Layer01_LayerInfo.uasset" 764
"D:/LichKiller/Proyectos/Juegos/GameJam2020/Content/World/Zero_sharedassets/Layer02_LayerInfo.uasset" 765
"D:/LichKiller/Proyectos/Juegos/GameJam2020/Content/World/Zero_sharedassets/Layer03_LayerInfo.uasset" 766
"../../../Engine/Content/BasicShapes/Plane.uasset" 767
"D:/LichKiller/Proyectos/Juegos/GameJam2020/Content/World/Zero.umap" 768
"../../../Engine/Content/Maps/Entry_BuiltData.uasset" 769
"../../../Engine/Content/Maps/Entry.umap" 770
